#
# There is insufficient memory for the Java Runtime Environment to continue.
# Native memory allocation (mmap) failed to map 57671680 bytes for Failed to commit area from 0x0000000090800000 to 0x0000000093f00000 of length 57671680.
# Possible reasons:
#   The system is out of physical RAM or swap space
#   The process is running with CompressedOops enabled, and the Java Heap may be blocking the growth of the native heap
# Possible solutions:
#   Reduce memory load on the system
#   Increase physical memory or swap space
#   Check if swap backing store is full
#   Decrease Java heap size (-Xmx/-Xms)
#   Decrease number of Java threads
#   Decrease Java thread stack sizes (-Xss)
#   Set larger code cache with -XX:ReservedCodeCacheSize=
#   JVM is running with Unscaled Compressed Oops mode in which the Java heap is
#     placed in the first 4GB address space. The Java Heap base address is the
#     maximum limit for the native heap growth. Please use -XX:HeapBaseMinAddress
#     to set the Java Heap base and to place the Java Heap above 4GB virtual address.
# This output file may be truncated or incomplete.
#
#  Out of Memory Error (./src/hotspot/os/windows/os_windows.cpp:3619), pid=4588, tid=13144
#
# JRE version: OpenJDK Runtime Environment JBR-11.0.13.7-1751.21-jcef (11.0.13+7) (build 11.0.13+7-b1751.21)
# Java VM: OpenJDK 64-Bit Server VM JBR-11.0.13.7-1751.21-jcef (11.0.13+7-b1751.21, mixed mode, tiered, compressed oops, g1 gc, windows-amd64)
# No core dump will be written. Minidumps are not enabled by default on client versions of Windows
#

---------------  S U M M A R Y ------------

Command Line: --add-opens=java.base/java.util=ALL-UNNAMED --add-opens=java.base/java.lang=ALL-UNNAMED --add-opens=java.base/java.lang.invoke=ALL-UNNAMED --add-opens=java.base/java.util=ALL-UNNAMED --add-opens=java.prefs/java.util.prefs=ALL-UNNAMED --add-opens=java.prefs/java.util.prefs=ALL-UNNAMED --add-opens=java.base/java.nio.charset=ALL-UNNAMED --add-opens=java.base/java.net=ALL-UNNAMED --add-opens=java.base/java.util.concurrent.atomic=ALL-UNNAMED -Xmx2048m -Dfile.encoding=UTF-8 -Duser.country=RU -Duser.language=ru -Duser.variant org.gradle.launcher.daemon.bootstrap.GradleDaemon 7.0.2

Host: Intel(R) Core(TM) i5-8265U CPU @ 1.60GHz, 8 cores, 7G,  Windows 10 , 64 bit Build 17763 (10.0.17763.1339)
Time: Sun Jan 23 02:42:20 2022 RTZ 2 (ceia) elapsed time: 449.349014 seconds (0d 0h 7m 29s)

---------------  T H R E A D  ---------------

Current thread (0x0000016ac565b000):  VMThread "VM Thread" [stack: 0x00000044d6200000,0x00000044d6300000] [id=13144]

Stack: [0x00000044d6200000,0x00000044d6300000]
[error occurred during error reporting (printing stack bounds), id 0xc0000005, EXCEPTION_ACCESS_VIOLATION (0xc0000005) at pc=0x0000016aaecd112d]

Native frames: (J=compiled Java code, j=interpreted, Vv=VM code, C=native code)
V  [jvm.dll+0x613daa]
V  [jvm.dll+0x799b30]
V  [jvm.dll+0x79b14d]
V  [jvm.dll+0x79b785]
V  [jvm.dll+0x79b73b]
V  [jvm.dll+0x612ed4]
V  [jvm.dll+0x613668]
C  [ntdll.dll+0xa479f]
C  [ntdll.dll+0x4bef]
C  [ntdll.dll+0xa350e]
C  0x0000016aaecd112d

VM_Operation (0x00000044d98f9220): G1CollectForAllocation, mode: safepoint, requested by thread 0x0000016ac9307800


---------------  P R O C E S S  ---------------

Threads class SMR info:
_java_thread_list=0x0000016ace3f1090, length=68, elements={
0x0000016aab093800, 0x0000016ac5670000, 0x0000016ac5672000, 0x0000016ac5e85800,
0x0000016ac5e87800, 0x0000016ac5e8b000, 0x0000016ac5ed3800, 0x0000016ac5edf800,
0x0000016ac5ee1800, 0x0000016ac604b000, 0x0000016ac81f9800, 0x0000016aca51c000,
0x0000016ac97c0000, 0x0000016ac82c6000, 0x0000016ac82c7800, 0x0000016ac82c4800,
0x0000016ac82c2000, 0x0000016ac82c3000, 0x0000016ac82c8800, 0x0000016ac82c3800,
0x0000016ac92fc800, 0x0000016ac92fd800, 0x0000016ac92f8800, 0x0000016ac92f9800,
0x0000016ac92fc000, 0x0000016ac92fb000, 0x0000016ac92fa800, 0x0000016ac9306800,
0x0000016aca646800, 0x0000016aca645800, 0x0000016aca641800, 0x0000016aca642800,
0x0000016aca644000, 0x0000016aca643000, 0x0000016aca644800, 0x0000016aca640000,
0x0000016aca640800, 0x0000016aca64a800, 0x0000016aca649800, 0x0000016aca64c000,
0x0000016aca64d000, 0x0000016aca64b000, 0x0000016aca64d800, 0x0000016aca64e800,
0x0000016aca649000, 0x0000016ac9303800, 0x0000016ac9301000, 0x0000016ac92ff000,
0x0000016ac92fe800, 0x0000016ac9307800, 0x0000016ac9305800, 0x0000016ac9301800,
0x0000016ac82c5000, 0x0000016ac82c7000, 0x0000016accf2b000, 0x0000016accf2d000,
0x0000016accf30800, 0x0000016accf2b800, 0x0000016accf2c800, 0x0000016accf2f000,
0x0000016accf2e000, 0x0000016accf31800, 0x0000016acb323000, 0x0000016acb324800,
0x0000016acb323800, 0x0000016acb326000, 0x0000016acb320800, 0x0000016acb325000
}

Java Threads: ( => current thread )
  0x0000016aab093800 JavaThread "main" [_thread_blocked, id=11484, stack(0x00000044d5c00000,0x00000044d5d00000)]
  0x0000016ac5670000 JavaThread "Reference Handler" daemon [_thread_blocked, id=5240, stack(0x00000044d6300000,0x00000044d6400000)]
  0x0000016ac5672000 JavaThread "Finalizer" daemon [_thread_blocked, id=7328, stack(0x00000044d6400000,0x00000044d6500000)]
  0x0000016ac5e85800 JavaThread "Signal Dispatcher" daemon [_thread_blocked, id=7800, stack(0x00000044d6500000,0x00000044d6600000)]
  0x0000016ac5e87800 JavaThread "Attach Listener" daemon [_thread_blocked, id=7712, stack(0x00000044d6600000,0x00000044d6700000)]
  0x0000016ac5e8b000 JavaThread "Service Thread" daemon [_thread_blocked, id=5024, stack(0x00000044d6700000,0x00000044d6800000)]
  0x0000016ac5ed3800 JavaThread "C2 CompilerThread0" daemon [_thread_blocked, id=7488, stack(0x00000044d6800000,0x00000044d6900000)]
  0x0000016ac5edf800 JavaThread "C1 CompilerThread0" daemon [_thread_blocked, id=3120, stack(0x00000044d6900000,0x00000044d6a00000)]
  0x0000016ac5ee1800 JavaThread "Sweeper thread" daemon [_thread_blocked, id=1556, stack(0x00000044d6a00000,0x00000044d6b00000)]
  0x0000016ac604b000 JavaThread "Common-Cleaner" daemon [_thread_blocked, id=9504, stack(0x00000044d6b00000,0x00000044d6c00000)]
  0x0000016ac81f9800 JavaThread "Daemon health stats" [_thread_blocked, id=1824, stack(0x00000044d7100000,0x00000044d7200000)]
  0x0000016aca51c000 JavaThread "Incoming local TCP Connector on port 55849" [_thread_in_native, id=11032, stack(0x00000044d6d00000,0x00000044d6e00000)]
  0x0000016ac97c0000 JavaThread "Daemon periodic checks" [_thread_blocked, id=7316, stack(0x00000044d7000000,0x00000044d7100000)]
  0x0000016ac82c6000 JavaThread "Cache worker for file hash cache (C:\Users\Julia\.gradle\caches\7.0.2\fileHashes)" [_thread_blocked, id=1072, stack(0x00000044d7f00000,0x00000044d8000000)]
  0x0000016ac82c7800 JavaThread "File lock request listener" [_thread_in_native, id=13168, stack(0x00000044d8000000,0x00000044d8100000)]
  0x0000016ac82c4800 JavaThread "Cache worker for journal cache (C:\Users\Julia\.gradle\caches\journal-1)" [_thread_blocked, id=7148, stack(0x00000044d8200000,0x00000044d8300000)]
  0x0000016ac82c2000 JavaThread "File watcher server" daemon [_thread_blocked, id=11760, stack(0x00000044d8400000,0x00000044d8500000)]
  0x0000016ac82c3000 JavaThread "File watcher consumer" daemon [_thread_blocked, id=9024, stack(0x00000044d8500000,0x00000044d8600000)]
  0x0000016ac82c8800 JavaThread "jar transforms" [_thread_blocked, id=13260, stack(0x00000044d8600000,0x00000044d8700000)]
  0x0000016ac82c3800 JavaThread "jar transforms Thread 2" [_thread_blocked, id=7068, stack(0x00000044d8700000,0x00000044d8800000)]
  0x0000016ac92fc800 JavaThread "jar transforms Thread 3" [_thread_blocked, id=12988, stack(0x00000044d8800000,0x00000044d8900000)]
  0x0000016ac92fd800 JavaThread "jar transforms Thread 4" [_thread_blocked, id=352, stack(0x00000044d8900000,0x00000044d8a00000)]
  0x0000016ac92f8800 JavaThread "jar transforms Thread 5" [_thread_blocked, id=6644, stack(0x00000044d8a00000,0x00000044d8b00000)]
  0x0000016ac92f9800 JavaThread "jar transforms Thread 6" [_thread_blocked, id=12048, stack(0x00000044d8b00000,0x00000044d8c00000)]
  0x0000016ac92fc000 JavaThread "jar transforms Thread 7" [_thread_blocked, id=2996, stack(0x00000044d8c00000,0x00000044d8d00000)]
  0x0000016ac92fb000 JavaThread "jar transforms Thread 8" [_thread_blocked, id=5544, stack(0x00000044d8d00000,0x00000044d8e00000)]
  0x0000016ac92fa800 JavaThread "Cache worker for execution history cache (C:\Users\Julia\.gradle\caches\7.0.2\executionHistory)" [_thread_blocked, id=2416, stack(0x00000044d9200000,0x00000044d9300000)]
  0x0000016ac9306800 JavaThread "Cache worker for file content cache (C:\Users\Julia\.gradle\caches\7.0.2\fileContent)" [_thread_blocked, id=11728, stack(0x00000044d9300000,0x00000044d9400000)]
  0x0000016aca646800 JavaThread "Memory manager" [_thread_blocked, id=10872, stack(0x00000044d9e00000,0x00000044d9f00000)]
  0x0000016aca645800 JavaThread "Daemon Thread 4" [_thread_blocked, id=7620, stack(0x00000044d5900000,0x00000044d5a00000)]
  0x0000016aca641800 JavaThread "Handler for socket connection from /127.0.0.1:55849 to /127.0.0.1:51253" [_thread_in_native, id=3900, stack(0x00000044d5a00000,0x00000044d5b00000)]
  0x0000016aca642800 JavaThread "Daemon Thread 5" [_thread_blocked, id=8548, stack(0x00000044d5b00000,0x00000044d5c00000)]
  0x0000016aca644000 JavaThread "Cancel handler" [_thread_blocked, id=2944, stack(0x00000044d7200000,0x00000044d7300000)]
  0x0000016aca643000 JavaThread "Daemon worker Thread 4" [_thread_blocked, id=12360, stack(0x00000044d7300000,0x00000044d7400000)]
  0x0000016aca644800 JavaThread "Asynchronous log dispatcher for DefaultDaemonConnection: socket connection from /127.0.0.1:55849 to /127.0.0.1:51253" [_thread_blocked, id=2788, stack(0x00000044d7400000,0x00000044d7500000)]
  0x0000016aca640000 JavaThread "Stdin handler" [_thread_blocked, id=13244, stack(0x00000044d7500000,0x00000044d7600000)]
  0x0000016aca640800 JavaThread "Daemon client event forwarder" [_thread_blocked, id=11184, stack(0x00000044d7600000,0x00000044d7700000)]
  0x0000016aca64a800 JavaThread "Cache worker for file hash cache (C:\Users\Julia\AndroidStudioProjects\Labs_Android\.gradle\7.0.2\fileHashes)" [_thread_blocked, id=13256, stack(0x00000044d7700000,0x00000044d7800000)]
  0x0000016aca649800 JavaThread "Cache worker for checksums cache (C:\Users\Julia\AndroidStudioProjects\Labs_Android\.gradle\checksums)" [_thread_blocked, id=12084, stack(0x00000044d7800000,0x00000044d7900000)]
  0x0000016aca64c000 JavaThread "Cache worker for cache directory md-supplier (C:\Users\Julia\.gradle\caches\7.0.2\md-supplier)" [_thread_blocked, id=12976, stack(0x00000044d7900000,0x00000044d7a00000)]
  0x0000016aca64d000 JavaThread "Cache worker for cache directory md-rule (C:\Users\Julia\.gradle\caches\7.0.2\md-rule)" [_thread_blocked, id=11864, stack(0x00000044d8300000,0x00000044d8400000)]
  0x0000016aca64b000 JavaThread "Cache worker for dependencies-accessors (C:\Users\Julia\AndroidStudioProjects\Labs_Android\.gradle\7.0.2\dependencies-accessors)" [_thread_blocked, id=8164, stack(0x00000044d8e00000,0x00000044d8f00000)]
  0x0000016aca64d800 JavaThread "Cache worker for Build Output Cleanup Cache (C:\Users\Julia\AndroidStudioProjects\Labs_Android\.gradle\buildOutputCleanup)" [_thread_blocked, id=10288, stack(0x00000044d8f00000,0x00000044d9000000)]
  0x0000016aca64e800 JavaThread "Build operations" [_thread_blocked, id=8412, stack(0x00000044d9000000,0x00000044d9100000)]
  0x0000016aca649000 JavaThread "Build operations Thread 2" [_thread_blocked, id=5232, stack(0x00000044d9100000,0x00000044d9200000)]
  0x0000016ac9303800 JavaThread "Build operations Thread 3" [_thread_blocked, id=12232, stack(0x00000044d9400000,0x00000044d9500000)]
  0x0000016ac9301000 JavaThread "Build operations Thread 4" [_thread_blocked, id=1504, stack(0x00000044d9500000,0x00000044d9600000)]
  0x0000016ac92ff000 JavaThread "Build operations Thread 5" [_thread_blocked, id=7704, stack(0x00000044d9600000,0x00000044d9700000)]
  0x0000016ac92fe800 JavaThread "Build operations Thread 6" [_thread_blocked, id=8232, stack(0x00000044d9700000,0x00000044d9800000)]
  0x0000016ac9307800 JavaThread "Build operations Thread 7" [_thread_blocked, id=3848, stack(0x00000044d9800000,0x00000044d9900000)]
  0x0000016ac9305800 JavaThread "Build operations Thread 8" [_thread_blocked, id=9676, stack(0x00000044d9900000,0x00000044d9a00000)]
  0x0000016ac9301800 JavaThread "build event listener" [_thread_blocked, id=8060, stack(0x00000044d9b00000,0x00000044d9c00000)]
  0x0000016ac82c5000 JavaThread "Execution worker for ':'" [_thread_blocked, id=11816, stack(0x00000044d9c00000,0x00000044d9d00000)]
  0x0000016ac82c7000 JavaThread "Execution worker for ':' Thread 2" [_thread_blocked, id=3484, stack(0x00000044d9d00000,0x00000044d9e00000)]
  0x0000016accf2b000 JavaThread "Execution worker for ':' Thread 3" [_thread_blocked, id=12376, stack(0x00000044d9f00000,0x00000044da000000)]
  0x0000016accf2d000 JavaThread "Execution worker for ':' Thread 4" [_thread_blocked, id=9048, stack(0x00000044da000000,0x00000044da100000)]
  0x0000016accf30800 JavaThread "Execution worker for ':' Thread 5" [_thread_blocked, id=7968, stack(0x00000044da100000,0x00000044da200000)]
  0x0000016accf2b800 JavaThread "Execution worker for ':' Thread 6" [_thread_blocked, id=12548, stack(0x00000044da200000,0x00000044da300000)]
  0x0000016accf2c800 JavaThread "Execution worker for ':' Thread 7" [_thread_blocked, id=5724, stack(0x00000044da300000,0x00000044da400000)]
  0x0000016accf2f000 JavaThread "Cache worker for execution history cache (C:\Users\Julia\AndroidStudioProjects\Labs_Android\.gradle\7.0.2\executionHistory)" [_thread_blocked, id=3688, stack(0x00000044da400000,0x00000044da500000)]
  0x0000016accf2e000 JavaThread "WorkerExecutor Queue" [_thread_blocked, id=11920, stack(0x00000044da500000,0x00000044da600000)]
  0x0000016accf31800 JavaThread "WorkerExecutor Queue Thread 2" [_thread_blocked, id=1948, stack(0x00000044da600000,0x00000044da700000)]
  0x0000016acb323000 JavaThread "WorkerExecutor Queue Thread 3" [_thread_blocked, id=10928, stack(0x00000044da700000,0x00000044da800000)]
  0x0000016acb324800 JavaThread "WorkerExecutor Queue Thread 4" [_thread_blocked, id=13184, stack(0x00000044da800000,0x00000044da900000)]
  0x0000016acb323800 JavaThread "WorkerExecutor Queue Thread 5" [_thread_blocked, id=10136, stack(0x00000044da900000,0x00000044daa00000)]
  0x0000016acb326000 JavaThread "WorkerExecutor Queue Thread 6" [_thread_blocked, id=4824, stack(0x00000044daa00000,0x00000044dab00000)]
  0x0000016acb320800 JavaThread "WorkerExecutor Queue Thread 7" [_thread_blocked, id=12284, stack(0x00000044dab00000,0x00000044dac00000)]
  0x0000016acb325000 JavaThread "WorkerExecutor Queue Thread 8" [_thread_blocked, id=8128, stack(0x00000044dac00000,0x00000044dad00000)]

Other Threads:
=>0x0000016ac565b000 VMThread "VM Thread" [stack: 0x00000044d6200000,0x00000044d6300000] [id=13144]
  0x0000016ac606a000 WatcherThread [stack: 0x00000044d6c00000,0x00000044d6d00000] [id=3164]
  0x0000016aab0ad000 GCTaskThread "GC Thread#0" [stack: 0x00000044d5d00000,0x00000044d5e00000] [id=2128]
  0x0000016ac686e000 GCTaskThread "GC Thread#1" [stack: 0x00000044d6e00000,0x00000044d6f00000] [id=8040]
  0x0000016ac6b2f000 GCTaskThread "GC Thread#2" [stack: 0x00000044d6f00000,0x00000044d7000000] [id=13124]
  0x0000016ac770f800 GCTaskThread "GC Thread#3" [stack: 0x00000044d7a00000,0x00000044d7b00000] [id=388]
  0x0000016ac8fe0000 GCTaskThread "GC Thread#4" [stack: 0x00000044d7b00000,0x00000044d7c00000] [id=13028]
  0x0000016ac8034000 GCTaskThread "GC Thread#5" [stack: 0x00000044d7c00000,0x00000044d7d00000] [id=12692]
  0x0000016ac8a0b000 GCTaskThread "GC Thread#6" [stack: 0x00000044d7d00000,0x00000044d7e00000] [id=2932]
  0x0000016ac851f800 GCTaskThread "GC Thread#7" [stack: 0x00000044d7e00000,0x00000044d7f00000] [id=8524]
  0x0000016aab0e0000 ConcurrentGCThread "G1 Main Marker" [stack: 0x00000044d5e00000,0x00000044d5f00000] [id=1508]
  0x0000016aab0e1800 ConcurrentGCThread "G1 Conc#0" [stack: 0x00000044d5f00000,0x00000044d6000000] [id=12304]
  0x0000016ac7898800 ConcurrentGCThread "G1 Conc#1" [stack: 0x00000044d8100000,0x00000044d8200000] [id=10052]
  0x0000016aab15e000 ConcurrentGCThread "G1 Refine#0" [stack: 0x00000044d6000000,0x00000044d6100000] [id=12432]
  0x0000016ac54a8800 ConcurrentGCThread "G1 Young RemSet Sampling" [stack: 0x00000044d6100000,0x00000044d6200000] [id=2848]

Threads with active compile tasks:
C2 CompilerThread0 449381 20159       4       com.android.tools.r8.internal.D9::e (297 bytes)
C1 CompilerThread0 449381 20313   !   2       com.google.common.util.concurrent.MoreExecutors$DirectExecutorService::startTask (45 bytes)

VM state:at safepoint (normal execution)

VM Mutex/Monitor currently owned by a thread:  ([mutex/lock_event])
[0x0000016aab08f000] Threads_lock - owner thread: 0x0000016ac565b000
[0x0000016aab08ea60] Heap_lock - owner thread: 0x0000016ac9307800

Heap address: 0x0000000080000000, size: 2048 MB, Compressed Oops mode: 32-bit
Narrow klass base: 0x0000000000000000, Narrow klass shift: 3
Compressed class space size: 1073741824 Address: 0x0000000100000000

Heap:
 garbage-first heap   total 326656K, used 206692K [0x0000000080000000, 0x0000000100000000)
  region size 1024K, 4 young (4096K), 4 survivors (4096K)
 Metaspace       used 133200K, capacity 137213K, committed 137372K, reserved 1169408K
  class space    used 16469K, capacity 17914K, committed 17996K, reserved 1048576K
Heap Regions: E=young(eden), S=young(survivor), O=old, HS=humongous(starts), HC=humongous(continues), CS=collection set, F=free, A=archive, TAMS=top-at-mark-start (previous, next)
|   0|0x0000000080000000, 0x0000000080100000, 0x0000000080100000|100%| O|  |TAMS 0x0000000080100000, 0x0000000080000000| Untracked 
|   1|0x0000000080100000, 0x0000000080200000, 0x0000000080200000|100%| O|  |TAMS 0x0000000080200000, 0x0000000080100000| Untracked 
|   2|0x0000000080200000, 0x0000000080300000, 0x0000000080300000|100%| O|  |TAMS 0x0000000080300000, 0x0000000080200000| Untracked 
|   3|0x0000000080300000, 0x0000000080400000, 0x0000000080400000|100%|HS|  |TAMS 0x0000000080400000, 0x0000000080300000| Complete 
|   4|0x0000000080400000, 0x0000000080500000, 0x0000000080500000|100%|HC|  |TAMS 0x0000000080500000, 0x0000000080400000| Complete 
|   5|0x0000000080500000, 0x0000000080600000, 0x0000000080600000|100%|HC|  |TAMS 0x0000000080600000, 0x0000000080500000| Complete 
|   6|0x0000000080600000, 0x0000000080700000, 0x0000000080700000|100%| O|  |TAMS 0x0000000080700000, 0x0000000080600000| Untracked 
|   7|0x0000000080700000, 0x0000000080800000, 0x0000000080800000|100%| O|  |TAMS 0x0000000080800000, 0x0000000080700000| Untracked 
|   8|0x0000000080800000, 0x0000000080900000, 0x0000000080900000|100%| O|  |TAMS 0x0000000080900000, 0x0000000080800000| Untracked 
|   9|0x0000000080900000, 0x0000000080a00000, 0x0000000080a00000|100%| O|  |TAMS 0x0000000080a00000, 0x0000000080900000| Untracked 
|  10|0x0000000080a00000, 0x0000000080b00000, 0x0000000080b00000|100%| O|  |TAMS 0x0000000080b00000, 0x0000000080a00000| Untracked 
|  11|0x0000000080b00000, 0x0000000080c00000, 0x0000000080c00000|100%| O|  |TAMS 0x0000000080c00000, 0x0000000080b00000| Untracked 
|  12|0x0000000080c00000, 0x0000000080d00000, 0x0000000080d00000|100%| O|  |TAMS 0x0000000080d00000, 0x0000000080c00000| Complete 
|  13|0x0000000080d00000, 0x0000000080e00000, 0x0000000080e00000|100%| O|  |TAMS 0x0000000080e00000, 0x0000000080d00000| Untracked 
|  14|0x0000000080e00000, 0x0000000080f00000, 0x0000000080f00000|100%| O|  |TAMS 0x0000000080f00000, 0x0000000080e00000| Untracked 
|  15|0x0000000080f00000, 0x0000000081000000, 0x0000000081000000|100%| O|  |TAMS 0x0000000081000000, 0x0000000080f00000| Complete 
|  16|0x0000000081000000, 0x0000000081100000, 0x0000000081100000|100%|HS|  |TAMS 0x0000000081100000, 0x0000000081000000| Complete 
|  17|0x0000000081100000, 0x0000000081200000, 0x0000000081200000|100%|HC|  |TAMS 0x0000000081200000, 0x0000000081100000| Complete 
|  18|0x0000000081200000, 0x0000000081300000, 0x0000000081300000|100%|HS|  |TAMS 0x0000000081300000, 0x0000000081200000| Complete 
|  19|0x0000000081300000, 0x0000000081400000, 0x0000000081400000|100%|HC|  |TAMS 0x0000000081400000, 0x0000000081300000| Complete 
|  20|0x0000000081400000, 0x0000000081500000, 0x0000000081500000|100%|HC|  |TAMS 0x0000000081500000, 0x0000000081400000| Complete 
|  21|0x0000000081500000, 0x0000000081600000, 0x0000000081600000|100%|HS|  |TAMS 0x0000000081600000, 0x0000000081500000| Complete 
|  22|0x0000000081600000, 0x0000000081700000, 0x0000000081700000|100%|HC|  |TAMS 0x0000000081700000, 0x0000000081600000| Complete 
|  23|0x0000000081700000, 0x0000000081800000, 0x0000000081800000|100%|HC|  |TAMS 0x0000000081800000, 0x0000000081700000| Complete 
|  24|0x0000000081800000, 0x0000000081900000, 0x0000000081900000|100%|HC|  |TAMS 0x0000000081900000, 0x0000000081800000| Complete 
|  25|0x0000000081900000, 0x0000000081a00000, 0x0000000081a00000|100%|HC|  |TAMS 0x0000000081a00000, 0x0000000081900000| Complete 
|  26|0x0000000081a00000, 0x0000000081b00000, 0x0000000081b00000|100%|HS|  |TAMS 0x0000000081b00000, 0x0000000081a00000| Complete 
|  27|0x0000000081b00000, 0x0000000081c00000, 0x0000000081c00000|100%|HS|  |TAMS 0x0000000081c00000, 0x0000000081b00000| Complete 
|  28|0x0000000081c00000, 0x0000000081d00000, 0x0000000081d00000|100%|HS|  |TAMS 0x0000000081d00000, 0x0000000081c00000| Complete 
|  29|0x0000000081d00000, 0x0000000081e00000, 0x0000000081e00000|100%|HC|  |TAMS 0x0000000081e00000, 0x0000000081d00000| Complete 
|  30|0x0000000081e00000, 0x0000000081f00000, 0x0000000081f00000|100%|HC|  |TAMS 0x0000000081f00000, 0x0000000081e00000| Complete 
|  31|0x0000000081f00000, 0x0000000082000000, 0x0000000082000000|100%| O|  |TAMS 0x0000000082000000, 0x0000000081f00000| Untracked 
|  32|0x0000000082000000, 0x0000000082100000, 0x0000000082100000|100%| O|  |TAMS 0x0000000082100000, 0x0000000082000000| Complete 
|  33|0x0000000082100000, 0x0000000082200000, 0x0000000082200000|100%| O|  |TAMS 0x0000000082200000, 0x0000000082100000| Untracked 
|  34|0x0000000082200000, 0x0000000082300000, 0x0000000082300000|100%| O|  |TAMS 0x0000000082300000, 0x0000000082200000| Untracked 
|  35|0x0000000082300000, 0x0000000082400000, 0x0000000082400000|100%| O|  |TAMS 0x0000000082400000, 0x0000000082300000| Complete 
|  36|0x0000000082400000, 0x0000000082500000, 0x0000000082500000|100%| O|  |TAMS 0x0000000082500000, 0x0000000082400000| Untracked 
|  37|0x0000000082500000, 0x0000000082600000, 0x0000000082600000|100%| O|  |TAMS 0x0000000082600000, 0x0000000082500000| Untracked 
|  38|0x0000000082600000, 0x0000000082700000, 0x0000000082700000|100%| O|  |TAMS 0x0000000082700000, 0x0000000082600000| Untracked 
|  39|0x0000000082700000, 0x0000000082800000, 0x0000000082800000|100%| O|  |TAMS 0x0000000082800000, 0x0000000082700000| Untracked 
|  40|0x0000000082800000, 0x0000000082900000, 0x0000000082900000|100%| O|  |TAMS 0x0000000082900000, 0x0000000082800000| Untracked 
|  41|0x0000000082900000, 0x0000000082a00000, 0x0000000082a00000|100%| O|  |TAMS 0x0000000082a00000, 0x0000000082900000| Untracked 
|  42|0x0000000082a00000, 0x0000000082b00000, 0x0000000082b00000|100%| O|  |TAMS 0x0000000082b00000, 0x0000000082a00000| Untracked 
|  43|0x0000000082b00000, 0x0000000082c00000, 0x0000000082c00000|100%|HS|  |TAMS 0x0000000082c00000, 0x0000000082b00000| Complete 
|  44|0x0000000082c00000, 0x0000000082d00000, 0x0000000082d00000|100%|HC|  |TAMS 0x0000000082d00000, 0x0000000082c00000| Complete 
|  45|0x0000000082d00000, 0x0000000082e00000, 0x0000000082e00000|100%|HC|  |TAMS 0x0000000082e00000, 0x0000000082d00000| Complete 
|  46|0x0000000082e00000, 0x0000000082f00000, 0x0000000082f00000|100%|HS|  |TAMS 0x0000000082f00000, 0x0000000082e00000| Complete 
|  47|0x0000000082f00000, 0x0000000083000000, 0x0000000083000000|100%|HC|  |TAMS 0x0000000083000000, 0x0000000082f00000| Complete 
|  48|0x0000000083000000, 0x0000000083100000, 0x0000000083100000|100%|HC|  |TAMS 0x0000000083100000, 0x0000000083000000| Complete 
|  49|0x0000000083100000, 0x0000000083200000, 0x0000000083200000|100%|HS|  |TAMS 0x0000000083200000, 0x0000000083100000| Complete 
|  50|0x0000000083200000, 0x0000000083300000, 0x0000000083300000|100%|HC|  |TAMS 0x0000000083300000, 0x0000000083200000| Complete 
|  51|0x0000000083300000, 0x0000000083400000, 0x0000000083400000|100%|HS|  |TAMS 0x0000000083400000, 0x0000000083300000| Complete 
|  52|0x0000000083400000, 0x0000000083500000, 0x0000000083500000|100%|HC|  |TAMS 0x0000000083500000, 0x0000000083400000| Complete 
|  53|0x0000000083500000, 0x0000000083600000, 0x0000000083600000|100%|HC|  |TAMS 0x0000000083600000, 0x0000000083500000| Complete 
|  54|0x0000000083600000, 0x0000000083700000, 0x0000000083700000|100%|HC|  |TAMS 0x0000000083700000, 0x0000000083600000| Complete 
|  55|0x0000000083700000, 0x0000000083800000, 0x0000000083800000|100%| O|  |TAMS 0x0000000083800000, 0x0000000083700000| Untracked 
|  56|0x0000000083800000, 0x0000000083900000, 0x0000000083900000|100%| O|  |TAMS 0x0000000083900000, 0x0000000083800000| Complete 
|  57|0x0000000083900000, 0x0000000083a00000, 0x0000000083a00000|100%|HS|  |TAMS 0x0000000083a00000, 0x0000000083900000| Complete 
|  58|0x0000000083a00000, 0x0000000083b00000, 0x0000000083b00000|100%|HC|  |TAMS 0x0000000083b00000, 0x0000000083a00000| Complete 
|  59|0x0000000083b00000, 0x0000000083c00000, 0x0000000083c00000|100%|HC|  |TAMS 0x0000000083c00000, 0x0000000083b00000| Complete 
|  60|0x0000000083c00000, 0x0000000083d00000, 0x0000000083d00000|100%|HC|  |TAMS 0x0000000083d00000, 0x0000000083c00000| Complete 
|  61|0x0000000083d00000, 0x0000000083e00000, 0x0000000083e00000|100%|HC|  |TAMS 0x0000000083e00000, 0x0000000083d00000| Complete 
|  62|0x0000000083e00000, 0x0000000083f00000, 0x0000000083f00000|100%| O|  |TAMS 0x0000000083f00000, 0x0000000083e00000| Complete 
|  63|0x0000000083f00000, 0x0000000084000000, 0x0000000084000000|100%| O|  |TAMS 0x0000000084000000, 0x0000000083f00000| Untracked 
|  64|0x0000000084000000, 0x0000000084100000, 0x0000000084100000|100%| O|  |TAMS 0x0000000084100000, 0x0000000084000000| Untracked 
|  65|0x0000000084100000, 0x0000000084200000, 0x0000000084200000|100%| O|  |TAMS 0x0000000084200000, 0x0000000084100000| Untracked 
|  66|0x0000000084200000, 0x0000000084300000, 0x0000000084300000|100%| O|  |TAMS 0x0000000084300000, 0x0000000084200000| Complete 
|  67|0x0000000084300000, 0x0000000084400000, 0x0000000084400000|100%|HS|  |TAMS 0x0000000084400000, 0x0000000084300000| Complete 
|  68|0x0000000084400000, 0x0000000084500000, 0x0000000084500000|100%| O|  |TAMS 0x0000000084500000, 0x0000000084400000| Untracked 
|  69|0x0000000084500000, 0x0000000084600000, 0x0000000084600000|100%|HS|  |TAMS 0x0000000084600000, 0x0000000084500000| Complete 
|  70|0x0000000084600000, 0x0000000084700000, 0x0000000084700000|100%|HS|  |TAMS 0x0000000084700000, 0x0000000084600000| Complete 
|  71|0x0000000084700000, 0x0000000084800000, 0x0000000084800000|100%|HC|  |TAMS 0x0000000084800000, 0x0000000084700000| Complete 
|  72|0x0000000084800000, 0x0000000084900000, 0x0000000084900000|100%|HC|  |TAMS 0x0000000084900000, 0x0000000084800000| Complete 
|  73|0x0000000084900000, 0x0000000084a00000, 0x0000000084a00000|100%|HS|  |TAMS 0x0000000084a00000, 0x0000000084900000| Complete 
|  74|0x0000000084a00000, 0x0000000084b00000, 0x0000000084b00000|100%|HC|  |TAMS 0x0000000084b00000, 0x0000000084a00000| Complete 
|  75|0x0000000084b00000, 0x0000000084c00000, 0x0000000084c00000|100%| O|  |TAMS 0x0000000084c00000, 0x0000000084b00000| Untracked 
|  76|0x0000000084c00000, 0x0000000084d00000, 0x0000000084d00000|100%| O|  |TAMS 0x0000000084d00000, 0x0000000084c00000| Untracked 
|  77|0x0000000084d00000, 0x0000000084e00000, 0x0000000084e00000|100%| O|  |TAMS 0x0000000084e00000, 0x0000000084d00000| Complete 
|  78|0x0000000084e00000, 0x0000000084f00000, 0x0000000084f00000|100%| O|  |TAMS 0x0000000084f00000, 0x0000000084e00000| Untracked 
|  79|0x0000000084f00000, 0x0000000085000000, 0x0000000085000000|100%| O|  |TAMS 0x0000000085000000, 0x0000000084f00000| Complete 
|  80|0x0000000085000000, 0x0000000085100000, 0x0000000085100000|100%| O|  |TAMS 0x0000000085100000, 0x0000000085000000| Untracked 
|  81|0x0000000085100000, 0x0000000085200000, 0x0000000085200000|100%| O|  |TAMS 0x0000000085200000, 0x0000000085100000| Complete 
|  82|0x0000000085200000, 0x0000000085300000, 0x0000000085300000|100%| O|  |TAMS 0x0000000085300000, 0x0000000085200000| Untracked 
|  83|0x0000000085300000, 0x0000000085400000, 0x0000000085400000|100%| O|  |TAMS 0x0000000085400000, 0x0000000085300000| Untracked 
|  84|0x0000000085400000, 0x0000000085500000, 0x0000000085500000|100%| O|  |TAMS 0x0000000085500000, 0x0000000085400000| Untracked 
|  85|0x0000000085500000, 0x0000000085600000, 0x0000000085600000|100%| O|  |TAMS 0x0000000085600000, 0x0000000085500000| Untracked 
|  86|0x0000000085600000, 0x0000000085700000, 0x0000000085700000|100%| O|  |TAMS 0x0000000085700000, 0x0000000085600000| Untracked 
|  87|0x0000000085700000, 0x0000000085800000, 0x0000000085800000|100%| O|  |TAMS 0x0000000085800000, 0x0000000085700000| Complete 
|  88|0x0000000085800000, 0x0000000085900000, 0x0000000085900000|100%| O|  |TAMS 0x0000000085900000, 0x0000000085800000| Untracked 
|  89|0x0000000085900000, 0x0000000085a00000, 0x0000000085a00000|100%| O|  |TAMS 0x0000000085a00000, 0x0000000085900000| Untracked 
|  90|0x0000000085a00000, 0x0000000085b00000, 0x0000000085b00000|100%| O|  |TAMS 0x0000000085b00000, 0x0000000085a00000| Untracked 
|  91|0x0000000085b00000, 0x0000000085c00000, 0x0000000085c00000|100%| O|  |TAMS 0x0000000085c00000, 0x0000000085b00000| Untracked 
|  92|0x0000000085c00000, 0x0000000085d00000, 0x0000000085d00000|100%| O|  |TAMS 0x0000000085d00000, 0x0000000085c00000| Complete 
|  93|0x0000000085d00000, 0x0000000085e00000, 0x0000000085e00000|100%| O|  |TAMS 0x0000000085e00000, 0x0000000085d00000| Untracked 
|  94|0x0000000085e00000, 0x0000000085f00000, 0x0000000085f00000|100%| O|  |TAMS 0x0000000085f00000, 0x0000000085e00000| Complete 
|  95|0x0000000085f00000, 0x0000000086000000, 0x0000000086000000|100%| O|  |TAMS 0x0000000086000000, 0x0000000085f00000| Untracked 
|  96|0x0000000086000000, 0x0000000086100000, 0x0000000086100000|100%| O|  |TAMS 0x0000000086100000, 0x0000000086000000| Complete 
|  97|0x0000000086100000, 0x0000000086200000, 0x0000000086200000|100%| O|  |TAMS 0x0000000086200000, 0x0000000086100000| Untracked 
|  98|0x0000000086200000, 0x0000000086300000, 0x0000000086300000|100%|HS|  |TAMS 0x0000000086300000, 0x0000000086200000| Complete 
|  99|0x0000000086300000, 0x0000000086400000, 0x0000000086400000|100%|HC|  |TAMS 0x0000000086400000, 0x0000000086300000| Complete 
| 100|0x0000000086400000, 0x0000000086500000, 0x0000000086500000|100%|HC|  |TAMS 0x0000000086500000, 0x0000000086400000| Complete 
| 101|0x0000000086500000, 0x0000000086600000, 0x0000000086600000|100%|HC|  |TAMS 0x0000000086600000, 0x0000000086500000| Complete 
| 102|0x0000000086600000, 0x0000000086700000, 0x0000000086700000|100%|HS|  |TAMS 0x0000000086700000, 0x0000000086600000| Complete 
| 103|0x0000000086700000, 0x0000000086800000, 0x0000000086800000|100%|HC|  |TAMS 0x0000000086800000, 0x0000000086700000| Complete 
| 104|0x0000000086800000, 0x0000000086900000, 0x0000000086900000|100%|HS|  |TAMS 0x0000000086900000, 0x0000000086800000| Complete 
| 105|0x0000000086900000, 0x0000000086a00000, 0x0000000086a00000|100%|HC|  |TAMS 0x0000000086a00000, 0x0000000086900000| Complete 
| 106|0x0000000086a00000, 0x0000000086b00000, 0x0000000086b00000|100%|HC|  |TAMS 0x0000000086b00000, 0x0000000086a00000| Complete 
| 107|0x0000000086b00000, 0x0000000086c00000, 0x0000000086c00000|100%|HS|  |TAMS 0x0000000086c00000, 0x0000000086b00000| Complete 
| 108|0x0000000086c00000, 0x0000000086d00000, 0x0000000086d00000|100%|HC|  |TAMS 0x0000000086d00000, 0x0000000086c00000| Complete 
| 109|0x0000000086d00000, 0x0000000086e00000, 0x0000000086e00000|100%|HC|  |TAMS 0x0000000086e00000, 0x0000000086d00000| Complete 
| 110|0x0000000086e00000, 0x0000000086f00000, 0x0000000086f00000|100%|HC|  |TAMS 0x0000000086f00000, 0x0000000086e00000| Complete 
| 111|0x0000000086f00000, 0x0000000087000000, 0x0000000087000000|100%|HC|  |TAMS 0x0000000087000000, 0x0000000086f00000| Complete 
| 112|0x0000000087000000, 0x0000000087100000, 0x0000000087100000|100%|HS|  |TAMS 0x0000000087100000, 0x0000000087000000| Complete 
| 113|0x0000000087100000, 0x0000000087200000, 0x0000000087200000|100%|HS|  |TAMS 0x0000000087200000, 0x0000000087100000| Complete 
| 114|0x0000000087200000, 0x0000000087300000, 0x0000000087300000|100%|HS|  |TAMS 0x0000000087300000, 0x0000000087200000| Complete 
| 115|0x0000000087300000, 0x0000000087400000, 0x0000000087400000|100%|HC|  |TAMS 0x0000000087400000, 0x0000000087300000| Complete 
| 116|0x0000000087400000, 0x0000000087500000, 0x0000000087500000|100%|HC|  |TAMS 0x0000000087500000, 0x0000000087400000| Complete 
| 117|0x0000000087500000, 0x0000000087600000, 0x0000000087600000|100%|HS|  |TAMS 0x0000000087600000, 0x0000000087500000| Complete 
| 118|0x0000000087600000, 0x0000000087700000, 0x0000000087700000|100%|HC|  |TAMS 0x0000000087700000, 0x0000000087600000| Complete 
| 119|0x0000000087700000, 0x0000000087800000, 0x0000000087800000|100%|HC|  |TAMS 0x0000000087800000, 0x0000000087700000| Complete 
| 120|0x0000000087800000, 0x0000000087900000, 0x0000000087900000|100%|HC|  |TAMS 0x0000000087900000, 0x0000000087800000| Complete 
| 121|0x0000000087900000, 0x0000000087a00000, 0x0000000087a00000|100%| O|  |TAMS 0x0000000087a00000, 0x0000000087900000| Untracked 
| 122|0x0000000087a00000, 0x0000000087b00000, 0x0000000087b00000|100%| O|  |TAMS 0x0000000087b00000, 0x0000000087a00000| Untracked 
| 123|0x0000000087b00000, 0x0000000087c00000, 0x0000000087c00000|100%| O|  |TAMS 0x0000000087c00000, 0x0000000087b00000| Untracked 
| 124|0x0000000087c00000, 0x0000000087d00000, 0x0000000087d00000|100%| O|  |TAMS 0x0000000087d00000, 0x0000000087c00000| Complete 
| 125|0x0000000087d00000, 0x0000000087e00000, 0x0000000087e00000|100%|HS|  |TAMS 0x0000000087e00000, 0x0000000087d00000| Complete 
| 126|0x0000000087e00000, 0x0000000087f00000, 0x0000000087f00000|100%| O|  |TAMS 0x0000000087f00000, 0x0000000087e00000| Untracked 
| 127|0x0000000087f00000, 0x0000000088000000, 0x0000000088000000|100%| O|  |TAMS 0x0000000088000000, 0x0000000087f00000| Untracked 
| 128|0x0000000088000000, 0x0000000088100000, 0x0000000088100000|100%| O|  |TAMS 0x0000000088100000, 0x0000000088000000| Complete 
| 129|0x0000000088100000, 0x0000000088200000, 0x0000000088200000|100%| O|  |TAMS 0x0000000088200000, 0x0000000088100000| Untracked 
| 130|0x0000000088200000, 0x0000000088300000, 0x0000000088300000|100%| O|  |TAMS 0x0000000088300000, 0x0000000088200000| Complete 
| 131|0x0000000088300000, 0x0000000088400000, 0x0000000088400000|100%| O|  |TAMS 0x0000000088400000, 0x0000000088300000| Complete 
| 132|0x0000000088400000, 0x0000000088500000, 0x0000000088500000|100%| O|  |TAMS 0x0000000088500000, 0x0000000088400000| Complete 
| 133|0x0000000088500000, 0x0000000088600000, 0x0000000088600000|100%| O|  |TAMS 0x0000000088600000, 0x0000000088500000| Complete 
| 134|0x0000000088600000, 0x0000000088700000, 0x0000000088700000|100%| O|  |TAMS 0x0000000088700000, 0x0000000088600000| Untracked 
| 135|0x0000000088700000, 0x0000000088800000, 0x0000000088800000|100%| O|  |TAMS 0x0000000088800000, 0x0000000088700000| Complete 
| 136|0x0000000088800000, 0x0000000088900000, 0x0000000088900000|100%| O|  |TAMS 0x0000000088900000, 0x0000000088800000| Complete 
| 137|0x0000000088900000, 0x0000000088a00000, 0x0000000088a00000|100%| O|  |TAMS 0x0000000088a00000, 0x0000000088900000| Complete 
| 138|0x0000000088a00000, 0x0000000088b00000, 0x0000000088b00000|100%| O|  |TAMS 0x0000000088b00000, 0x0000000088a00000| Complete 
| 139|0x0000000088b00000, 0x0000000088c00000, 0x0000000088c00000|100%| O|  |TAMS 0x0000000088c00000, 0x0000000088b00000| Complete 
| 140|0x0000000088c00000, 0x0000000088d00000, 0x0000000088d00000|100%| O|  |TAMS 0x0000000088d00000, 0x0000000088c00000| Complete 
| 141|0x0000000088d00000, 0x0000000088e00000, 0x0000000088e00000|100%| O|  |TAMS 0x0000000088e00000, 0x0000000088d00000| Untracked 
| 142|0x0000000088e00000, 0x0000000088f00000, 0x0000000088f00000|100%| O|  |TAMS 0x0000000088f00000, 0x0000000088e00000| Complete 
| 143|0x0000000088f00000, 0x0000000089000000, 0x0000000089000000|100%| O|  |TAMS 0x0000000089000000, 0x0000000088f00000| Untracked 
| 144|0x0000000089000000, 0x0000000089100000, 0x0000000089100000|100%| O|  |TAMS 0x0000000089100000, 0x0000000089000000| Complete 
| 145|0x0000000089100000, 0x0000000089200000, 0x0000000089200000|100%| O|  |TAMS 0x0000000089200000, 0x0000000089100000| Complete 
| 146|0x0000000089200000, 0x0000000089300000, 0x0000000089300000|100%| O|  |TAMS 0x0000000089300000, 0x0000000089200000| Complete 
| 147|0x0000000089300000, 0x0000000089400000, 0x0000000089400000|100%| O|  |TAMS 0x0000000089400000, 0x0000000089300000| Complete 
| 148|0x0000000089400000, 0x0000000089500000, 0x0000000089500000|100%| O|  |TAMS 0x0000000089500000, 0x0000000089400000| Complete 
| 149|0x0000000089500000, 0x0000000089600000, 0x0000000089600000|100%| O|  |TAMS 0x0000000089600000, 0x0000000089500000| Untracked 
| 150|0x0000000089600000, 0x0000000089700000, 0x0000000089700000|100%| O|  |TAMS 0x0000000089700000, 0x0000000089600000| Complete 
| 151|0x0000000089700000, 0x0000000089800000, 0x0000000089800000|100%| O|  |TAMS 0x0000000089800000, 0x0000000089700000| Complete 
| 152|0x0000000089800000, 0x0000000089900000, 0x0000000089900000|100%| O|  |TAMS 0x0000000089900000, 0x0000000089800000| Complete 
| 153|0x0000000089900000, 0x0000000089a00000, 0x0000000089a00000|100%| O|  |TAMS 0x0000000089a00000, 0x0000000089900000| Complete 
| 154|0x0000000089a00000, 0x0000000089b00000, 0x0000000089b00000|100%| O|  |TAMS 0x0000000089b00000, 0x0000000089a00000| Complete 
| 155|0x0000000089b00000, 0x0000000089c00000, 0x0000000089c00000|100%| O|  |TAMS 0x0000000089c00000, 0x0000000089b00000| Complete 
| 156|0x0000000089c00000, 0x0000000089d00000, 0x0000000089d00000|100%| O|  |TAMS 0x0000000089d00000, 0x0000000089c00000| Complete 
| 157|0x0000000089d00000, 0x0000000089e00000, 0x0000000089e00000|100%| O|  |TAMS 0x0000000089e00000, 0x0000000089d00000| Complete 
| 158|0x0000000089e00000, 0x0000000089f00000, 0x0000000089f00000|100%| O|  |TAMS 0x0000000089f00000, 0x0000000089e00000| Complete 
| 159|0x0000000089f00000, 0x000000008a000000, 0x000000008a000000|100%| O|  |TAMS 0x000000008a000000, 0x0000000089f00000| Untracked 
| 160|0x000000008a000000, 0x000000008a100000, 0x000000008a100000|100%| O|  |TAMS 0x000000008a100000, 0x000000008a000000| Complete 
| 161|0x000000008a100000, 0x000000008a200000, 0x000000008a200000|100%| O|  |TAMS 0x000000008a200000, 0x000000008a100000| Complete 
| 162|0x000000008a200000, 0x000000008a300000, 0x000000008a300000|100%| O|  |TAMS 0x000000008a300000, 0x000000008a200000| Complete 
| 163|0x000000008a300000, 0x000000008a400000, 0x000000008a400000|100%| O|  |TAMS 0x000000008a400000, 0x000000008a300000| Complete 
| 164|0x000000008a400000, 0x000000008a500000, 0x000000008a500000|100%| O|  |TAMS 0x000000008a500000, 0x000000008a400000| Untracked 
| 165|0x000000008a500000, 0x000000008a600000, 0x000000008a600000|100%| O|  |TAMS 0x000000008a600000, 0x000000008a500000| Complete 
| 166|0x000000008a600000, 0x000000008a700000, 0x000000008a700000|100%| O|  |TAMS 0x000000008a700000, 0x000000008a600000| Untracked 
| 167|0x000000008a700000, 0x000000008a800000, 0x000000008a800000|100%| O|  |TAMS 0x000000008a800000, 0x000000008a700000| Untracked 
| 168|0x000000008a800000, 0x000000008a900000, 0x000000008a900000|100%| O|  |TAMS 0x000000008a900000, 0x000000008a800000| Untracked 
| 169|0x000000008a900000, 0x000000008aa00000, 0x000000008aa00000|100%| O|  |TAMS 0x000000008aa00000, 0x000000008a900000| Complete 
| 170|0x000000008aa00000, 0x000000008ab00000, 0x000000008ab00000|100%| O|  |TAMS 0x000000008ab00000, 0x000000008aa00000| Untracked 
| 171|0x000000008ab00000, 0x000000008ac00000, 0x000000008ac00000|100%| O|  |TAMS 0x000000008ac00000, 0x000000008ab00000| Complete 
| 172|0x000000008ac00000, 0x000000008ad00000, 0x000000008ad00000|100%| O|  |TAMS 0x000000008ac02c00, 0x000000008ac00000| Untracked 
| 173|0x000000008ad00000, 0x000000008ae00000, 0x000000008ae00000|100%| O|  |TAMS 0x000000008ae00000, 0x000000008ad00000| Untracked 
| 174|0x000000008ae00000, 0x000000008af00000, 0x000000008af00000|100%| O|  |TAMS 0x000000008ae00000, 0x000000008ae00000| Untracked 
| 175|0x000000008af00000, 0x000000008b000000, 0x000000008b000000|100%| O|  |TAMS 0x000000008af00000, 0x000000008af00000| Untracked 
| 176|0x000000008b000000, 0x000000008b100000, 0x000000008b100000|100%| O|  |TAMS 0x000000008b000000, 0x000000008b000000| Untracked 
| 177|0x000000008b100000, 0x000000008b200000, 0x000000008b200000|100%| O|  |TAMS 0x000000008b200000, 0x000000008b100000| Complete 
| 178|0x000000008b200000, 0x000000008b300000, 0x000000008b300000|100%| O|  |TAMS 0x000000008b300000, 0x000000008b200000| Complete 
| 179|0x000000008b300000, 0x000000008b400000, 0x000000008b400000|100%| O|  |TAMS 0x000000008b300000, 0x000000008b300000| Untracked 
| 180|0x000000008b400000, 0x000000008b500000, 0x000000008b500000|100%| O|  |TAMS 0x000000008b500000, 0x000000008b400000| Complete 
| 181|0x000000008b500000, 0x000000008b600000, 0x000000008b600000|100%| O|  |TAMS 0x000000008b600000, 0x000000008b500000| Untracked 
| 182|0x000000008b600000, 0x000000008b700000, 0x000000008b700000|100%| O|  |TAMS 0x000000008b600000, 0x000000008b600000| Untracked 
| 183|0x000000008b700000, 0x000000008b800000, 0x000000008b800000|100%| O|  |TAMS 0x000000008b700000, 0x000000008b700000| Untracked 
| 184|0x000000008b800000, 0x000000008b900000, 0x000000008b900000|100%| O|  |TAMS 0x000000008b900000, 0x000000008b800000| Complete 
| 185|0x000000008b900000, 0x000000008ba00000, 0x000000008ba00000|100%| O|  |TAMS 0x000000008b900000, 0x000000008b900000| Untracked 
| 186|0x000000008ba00000, 0x000000008bb00000, 0x000000008bb00000|100%| O|  |TAMS 0x000000008ba00000, 0x000000008ba00000| Untracked 
| 187|0x000000008bb00000, 0x000000008bc00000, 0x000000008bc00000|100%| O|  |TAMS 0x000000008bc00000, 0x000000008bb00000| Complete 
| 188|0x000000008bc00000, 0x000000008bd00000, 0x000000008bd00000|100%| O|  |TAMS 0x000000008bd00000, 0x000000008bc00000| Untracked 
| 189|0x000000008bd00000, 0x000000008be00000, 0x000000008be00000|100%| O|  |TAMS 0x000000008bd00000, 0x000000008bd00000| Untracked 
| 190|0x000000008be00000, 0x000000008bf00000, 0x000000008bf00000|100%| O|  |TAMS 0x000000008be00000, 0x000000008be00000| Untracked 
| 191|0x000000008bf00000, 0x000000008c000000, 0x000000008c000000|100%| O|  |TAMS 0x000000008c000000, 0x000000008bf00000| Complete 
| 192|0x000000008c000000, 0x000000008c100000, 0x000000008c100000|100%| O|  |TAMS 0x000000008c100000, 0x000000008c000000| Complete 
| 193|0x000000008c100000, 0x000000008c200000, 0x000000008c200000|100%| O|  |TAMS 0x000000008c100000, 0x000000008c100000| Untracked 
| 194|0x000000008c200000, 0x000000008c300000, 0x000000008c300000|100%| O|  |TAMS 0x000000008c200000, 0x000000008c200000| Untracked 
| 195|0x000000008c300000, 0x000000008c400000, 0x000000008c400000|100%| O|  |TAMS 0x000000008c300000, 0x000000008c300000| Untracked 
| 196|0x000000008c400000, 0x000000008c500000, 0x000000008c500000|100%| O|  |TAMS 0x000000008c400000, 0x000000008c400000| Untracked 
| 197|0x000000008c500000, 0x000000008c5d9200, 0x000000008c600000| 84%| O|  |TAMS 0x000000008c500000, 0x000000008c500000| Untracked 
| 198|0x000000008c600000, 0x000000008c600000, 0x000000008c700000|  0%| F|  |TAMS 0x000000008c600000, 0x000000008c600000| Untracked 
| 199|0x000000008c700000, 0x000000008c700000, 0x000000008c800000|  0%| F|  |TAMS 0x000000008c700000, 0x000000008c700000| Untracked 
| 200|0x000000008c800000, 0x000000008c800000, 0x000000008c900000|  0%| F|  |TAMS 0x000000008c800000, 0x000000008c800000| Untracked 
| 201|0x000000008c900000, 0x000000008c900000, 0x000000008ca00000|  0%| F|  |TAMS 0x000000008c900000, 0x000000008c900000| Untracked 
| 202|0x000000008ca00000, 0x000000008ca00000, 0x000000008cb00000|  0%| F|  |TAMS 0x000000008ca00000, 0x000000008ca00000| Untracked 
| 203|0x000000008cb00000, 0x000000008cb00000, 0x000000008cc00000|  0%| F|  |TAMS 0x000000008cb00000, 0x000000008cb00000| Untracked 
| 204|0x000000008cc00000, 0x000000008cc00000, 0x000000008cd00000|  0%| F|  |TAMS 0x000000008cc00000, 0x000000008cc00000| Untracked 
| 205|0x000000008cd00000, 0x000000008cd00000, 0x000000008ce00000|  0%| F|  |TAMS 0x000000008cd00000, 0x000000008cd00000| Untracked 
| 206|0x000000008ce00000, 0x000000008ce00000, 0x000000008cf00000|  0%| F|  |TAMS 0x000000008ce00000, 0x000000008ce00000| Untracked 
| 207|0x000000008cf00000, 0x000000008cf00000, 0x000000008d000000|  0%| F|  |TAMS 0x000000008cf00000, 0x000000008cf00000| Untracked 
| 208|0x000000008d000000, 0x000000008d000000, 0x000000008d100000|  0%| F|  |TAMS 0x000000008d000000, 0x000000008d000000| Untracked 
| 209|0x000000008d100000, 0x000000008d100000, 0x000000008d200000|  0%| F|  |TAMS 0x000000008d100000, 0x000000008d100000| Untracked 
| 210|0x000000008d200000, 0x000000008d200000, 0x000000008d300000|  0%| F|  |TAMS 0x000000008d200000, 0x000000008d200000| Untracked 
| 211|0x000000008d300000, 0x000000008d300000, 0x000000008d400000|  0%| F|  |TAMS 0x000000008d300000, 0x000000008d300000| Untracked 
| 212|0x000000008d400000, 0x000000008d400000, 0x000000008d500000|  0%| F|  |TAMS 0x000000008d400000, 0x000000008d400000| Untracked 
| 213|0x000000008d500000, 0x000000008d500000, 0x000000008d600000|  0%| F|  |TAMS 0x000000008d500000, 0x000000008d500000| Untracked 
| 214|0x000000008d600000, 0x000000008d600000, 0x000000008d700000|  0%| F|  |TAMS 0x000000008d600000, 0x000000008d600000| Untracked 
| 215|0x000000008d700000, 0x000000008d700000, 0x000000008d800000|  0%| F|  |TAMS 0x000000008d700000, 0x000000008d700000| Untracked 
| 216|0x000000008d800000, 0x000000008d800000, 0x000000008d900000|  0%| F|  |TAMS 0x000000008d800000, 0x000000008d800000| Untracked 
| 217|0x000000008d900000, 0x000000008d900000, 0x000000008da00000|  0%| F|  |TAMS 0x000000008d900000, 0x000000008d900000| Untracked 
| 218|0x000000008da00000, 0x000000008da00000, 0x000000008db00000|  0%| F|  |TAMS 0x000000008da00000, 0x000000008da00000| Untracked 
| 219|0x000000008db00000, 0x000000008db00000, 0x000000008dc00000|  0%| F|  |TAMS 0x000000008db00000, 0x000000008db00000| Untracked 
| 220|0x000000008dc00000, 0x000000008dc00000, 0x000000008dd00000|  0%| F|  |TAMS 0x000000008dc00000, 0x000000008dc00000| Untracked 
| 221|0x000000008dd00000, 0x000000008dd00000, 0x000000008de00000|  0%| F|  |TAMS 0x000000008dd00000, 0x000000008dd00000| Untracked 
| 222|0x000000008de00000, 0x000000008de00000, 0x000000008df00000|  0%| F|  |TAMS 0x000000008de00000, 0x000000008de00000| Untracked 
| 223|0x000000008df00000, 0x000000008df00000, 0x000000008e000000|  0%| F|  |TAMS 0x000000008df00000, 0x000000008df00000| Untracked 
| 224|0x000000008e000000, 0x000000008e000000, 0x000000008e100000|  0%| F|  |TAMS 0x000000008e000000, 0x000000008e000000| Untracked 
| 225|0x000000008e100000, 0x000000008e100000, 0x000000008e200000|  0%| F|  |TAMS 0x000000008e100000, 0x000000008e100000| Untracked 
| 226|0x000000008e200000, 0x000000008e200000, 0x000000008e300000|  0%| F|  |TAMS 0x000000008e200000, 0x000000008e200000| Untracked 
| 227|0x000000008e300000, 0x000000008e300000, 0x000000008e400000|  0%| F|  |TAMS 0x000000008e300000, 0x000000008e300000| Untracked 
| 228|0x000000008e400000, 0x000000008e400000, 0x000000008e500000|  0%| F|  |TAMS 0x000000008e400000, 0x000000008e400000| Untracked 
| 229|0x000000008e500000, 0x000000008e500000, 0x000000008e600000|  0%| F|  |TAMS 0x000000008e500000, 0x000000008e500000| Untracked 
| 230|0x000000008e600000, 0x000000008e600000, 0x000000008e700000|  0%| F|  |TAMS 0x000000008e600000, 0x000000008e600000| Untracked 
| 231|0x000000008e700000, 0x000000008e700000, 0x000000008e800000|  0%| F|  |TAMS 0x000000008e700000, 0x000000008e700000| Untracked 
| 232|0x000000008e800000, 0x000000008e800000, 0x000000008e900000|  0%| F|  |TAMS 0x000000008e800000, 0x000000008e800000| Untracked 
| 233|0x000000008e900000, 0x000000008ea00000, 0x000000008ea00000|100%| S|CS|TAMS 0x000000008e900000, 0x000000008e900000| Complete 
| 234|0x000000008ea00000, 0x000000008eb00000, 0x000000008eb00000|100%| S|CS|TAMS 0x000000008ea00000, 0x000000008ea00000| Complete 
| 235|0x000000008eb00000, 0x000000008ec00000, 0x000000008ec00000|100%| S|CS|TAMS 0x000000008eb00000, 0x000000008eb00000| Complete 
| 236|0x000000008ec00000, 0x000000008ed00000, 0x000000008ed00000|100%| S|CS|TAMS 0x000000008ec00000, 0x000000008ec00000| Complete 
| 237|0x000000008ed00000, 0x000000008ed00000, 0x000000008ee00000|  0%| F|  |TAMS 0x000000008ed00000, 0x000000008ed00000| Untracked 
| 238|0x000000008ee00000, 0x000000008ee00000, 0x000000008ef00000|  0%| F|  |TAMS 0x000000008ee00000, 0x000000008ee00000| Untracked 
| 239|0x000000008ef00000, 0x000000008ef00000, 0x000000008f000000|  0%| F|  |TAMS 0x000000008ef00000, 0x000000008ef00000| Untracked 
| 240|0x000000008f000000, 0x000000008f000000, 0x000000008f100000|  0%| F|  |TAMS 0x000000008f000000, 0x000000008f000000| Untracked 
| 241|0x000000008f100000, 0x000000008f100000, 0x000000008f200000|  0%| F|  |TAMS 0x000000008f100000, 0x000000008f100000| Untracked 
| 242|0x000000008f200000, 0x000000008f200000, 0x000000008f300000|  0%| F|  |TAMS 0x000000008f200000, 0x000000008f200000| Untracked 
| 243|0x000000008f300000, 0x000000008f300000, 0x000000008f400000|  0%| F|  |TAMS 0x000000008f300000, 0x000000008f300000| Untracked 
| 244|0x000000008f400000, 0x000000008f400000, 0x000000008f500000|  0%| F|  |TAMS 0x000000008f400000, 0x000000008f400000| Untracked 
| 245|0x000000008f500000, 0x000000008f500000, 0x000000008f600000|  0%| F|  |TAMS 0x000000008f500000, 0x000000008f500000| Untracked 
| 246|0x000000008f600000, 0x000000008f600000, 0x000000008f700000|  0%| F|  |TAMS 0x000000008f600000, 0x000000008f600000| Untracked 
| 247|0x000000008f700000, 0x000000008f700000, 0x000000008f800000|  0%| F|  |TAMS 0x000000008f700000, 0x000000008f700000| Untracked 
| 248|0x000000008f800000, 0x000000008f800000, 0x000000008f900000|  0%| F|  |TAMS 0x000000008f800000, 0x000000008f800000| Untracked 
| 249|0x000000008f900000, 0x000000008f900000, 0x000000008fa00000|  0%| F|  |TAMS 0x000000008f900000, 0x000000008f900000| Untracked 
| 250|0x000000008fa00000, 0x000000008fa00000, 0x000000008fb00000|  0%| F|  |TAMS 0x000000008fa00000, 0x000000008fa00000| Untracked 
| 251|0x000000008fb00000, 0x000000008fb00000, 0x000000008fc00000|  0%| F|  |TAMS 0x000000008fb00000, 0x000000008fb00000| Untracked 
| 252|0x000000008fc00000, 0x000000008fc00000, 0x000000008fd00000|  0%| F|  |TAMS 0x000000008fc00000, 0x000000008fc00000| Untracked 
| 253|0x000000008fd00000, 0x000000008fd00000, 0x000000008fe00000|  0%| F|  |TAMS 0x000000008fd00000, 0x000000008fd00000| Untracked 
| 254|0x000000008fe00000, 0x000000008fe00000, 0x000000008ff00000|  0%| F|  |TAMS 0x000000008fe00000, 0x000000008fe00000| Untracked 
| 255|0x000000008ff00000, 0x000000008ff00000, 0x0000000090000000|  0%| F|  |TAMS 0x000000008ff00000, 0x000000008ff00000| Untracked 
| 256|0x0000000090000000, 0x0000000090000000, 0x0000000090100000|  0%| F|  |TAMS 0x0000000090000000, 0x0000000090000000| Untracked 
| 257|0x0000000090100000, 0x0000000090100000, 0x0000000090200000|  0%| F|  |TAMS 0x0000000090100000, 0x0000000090100000| Untracked 
| 258|0x0000000090200000, 0x0000000090200000, 0x0000000090300000|  0%| F|  |TAMS 0x0000000090200000, 0x0000000090200000| Untracked 
| 259|0x0000000090300000, 0x0000000090300000, 0x0000000090400000|  0%| F|  |TAMS 0x0000000090300000, 0x0000000090300000| Untracked 
| 260|0x0000000090400000, 0x0000000090400000, 0x0000000090500000|  0%| F|  |TAMS 0x0000000090400000, 0x0000000090400000| Untracked 
| 261|0x0000000090500000, 0x0000000090500000, 0x0000000090600000|  0%| F|  |TAMS 0x0000000090500000, 0x0000000090500000| Untracked 
| 262|0x0000000090600000, 0x0000000090600000, 0x0000000090700000|  0%| F|  |TAMS 0x0000000090600000, 0x0000000090600000| Untracked 
| 263|0x0000000090700000, 0x0000000090700000, 0x0000000090800000|  0%| F|  |TAMS 0x0000000090700000, 0x0000000090700000| Untracked 

Card table byte_map: [0x0000016abe400000,0x0000016abe800000] _byte_map_base: 0x0000016abe000000

Marking Bits (Prev, Next): (CMBitMap*) 0x0000016aab0d62e8, (CMBitMap*) 0x0000016aab0d6320
 Prev Bits: [0x0000016abec00000, 0x0000016ac0c00000)
 Next Bits: [0x0000016ac0c00000, 0x0000016ac2c00000)

Polling page: 0x0000016aa8ea0000

Metaspace:

Usage:
  Non-class:    116.50 MB capacity,   114.00 MB ( 98%) used,     2.09 MB (  2%) free+waste,   425.75 KB ( <1%) overhead. 
      Class:     17.49 MB capacity,    16.08 MB ( 92%) used,     1.22 MB (  7%) free+waste,   191.75 KB (  1%) overhead. 
       Both:    134.00 MB capacity,   130.08 MB ( 97%) used,     3.32 MB (  2%) free+waste,   617.50 KB ( <1%) overhead. 

Virtual space:
  Non-class space:      118.00 MB reserved,     116.58 MB ( 99%) committed 
      Class space:        1.00 GB reserved,      17.57 MB (  2%) committed 
             Both:        1.12 GB reserved,     134.15 MB ( 12%) committed 

Chunk freelists:
   Non-Class:  77.00 KB
       Class:  38.00 KB
        Both:  115.00 KB

MaxMetaspaceSize: 17179869184.00 GB
CompressedClassSpaceSize: 1.00 GB
Initial GC threshold: 20.80 MB
Current GC threshold: 223.17 MB
CDS: off

CodeHeap 'non-profiled nmethods': size=120000Kb used=10987Kb max_used=10987Kb free=109013Kb
 bounds [0x0000016ab67a0000, 0x0000016ab7260000, 0x0000016abdcd0000]
CodeHeap 'profiled nmethods': size=120000Kb used=42046Kb max_used=42046Kb free=77954Kb
 bounds [0x0000016aaf270000, 0x0000016ab1b80000, 0x0000016ab67a0000]
CodeHeap 'non-nmethods': size=5760Kb used=2472Kb max_used=2522Kb free=3287Kb
 bounds [0x0000016aaecd0000, 0x0000016aaef60000, 0x0000016aaf270000]
 total_blobs=20745 nmethods=19737 adapters=919
 compilation: enabled
              stopped_count=0, restarted_count=0
 full_count=0

Compilation events (20 events):
Event: 449.322 Thread 0x0000016ac5edf800 nmethod 20285 0x0000016ab1b64290 code [0x0000016ab1b65040, 0x0000016ab1b6f048]
Event: 449.322 Thread 0x0000016ac5edf800 20310 %     3       com.android.tools.r8.graph.j0$m::b @ 42 (336 bytes)
Event: 449.327 Thread 0x0000016ac5edf800 nmethod 20310% 0x0000016ab1b78090 code [0x0000016ab1b786a0, 0x0000016ab1b7b5d8]
Event: 449.327 Thread 0x0000016ac5edf800 20309 %     3       com.android.tools.r8.internal.T6::a @ 103 (131 bytes)
Event: 449.328 Thread 0x0000016ac5edf800 nmethod 20309% 0x0000016ab1b7c810 code [0x0000016ab1b7ca60, 0x0000016ab1b7d378]
Event: 449.328 Thread 0x0000016ac5edf800 20301       2       com.android.tools.r8.internal.cd::b (32 bytes)
Event: 449.328 Thread 0x0000016ac5edf800 nmethod 20301 0x0000016ab1b7d810 code [0x0000016ab1b7d9e0, 0x0000016ab1b7dc58]
Event: 449.328 Thread 0x0000016ac5edf800 20294       2       com.android.tools.r8.internal.x4::<init> (112 bytes)
Event: 449.328 Thread 0x0000016ac5edf800 nmethod 20294 0x0000016ab1b7dd90 code [0x0000016ab1b7df40, 0x0000016ab1b7e098]
Event: 449.328 Thread 0x0000016ac5ed3800 nmethod 20272 0x0000016ab7259c10 code [0x0000016ab7259dc0, 0x0000016ab725a918]
Event: 449.328 Thread 0x0000016ac5edf800 20293       2       com.android.tools.r8.graph.G0::a (38 bytes)
Event: 449.329 Thread 0x0000016ac5ed3800 20159       4       com.android.tools.r8.internal.D9::e (297 bytes)
Event: 449.329 Thread 0x0000016ac5edf800 nmethod 20293 0x0000016ab1b7e110 code [0x0000016ab1b7e340, 0x0000016ab1b7e7e8]
Event: 449.329 Thread 0x0000016ac5edf800 20283       2       com.android.tools.r8.graph.j0$q::a (37 bytes)
Event: 449.330 Thread 0x0000016ac5edf800 nmethod 20283 0x0000016ab1b7eb90 code [0x0000016ab1b7ed40, 0x0000016ab1b7ef58]
Event: 449.330 Thread 0x0000016ac5edf800 20284       2       com.android.tools.r8.graph.j0$c::<init> (59 bytes)
Event: 449.330 Thread 0x0000016ac5edf800 nmethod 20284 0x0000016ab1b7f010 code [0x0000016ab1b7f1c0, 0x0000016ab1b7f2f8]
Event: 449.330 Thread 0x0000016ac5edf800 20312   !   2       com.google.common.util.concurrent.MoreExecutors$DirectExecutorService::execute (25 bytes)
Event: 449.330 Thread 0x0000016ac5edf800 nmethod 20312 0x0000016ab1b7f390 code [0x0000016ab1b7f560, 0x0000016ab1b7f718]
Event: 449.330 Thread 0x0000016ac5edf800 20313   !   2       com.google.common.util.concurrent.MoreExecutors$DirectExecutorService::startTask (45 bytes)

GC Heap History (20 events):
Event: 445.688 GC heap after
{Heap after GC invocations=76 (full 0):
 garbage-first heap   total 270336K, used 193887K [0x0000000080000000, 0x0000000100000000)
  region size 1024K, 2 young (2048K), 2 survivors (2048K)
 Metaspace       used 125801K, capacity 129633K, committed 129820K, reserved 1163264K
  class space    used 15711K, capacity 17067K, committed 17100K, reserved 1048576K
}
Event: 445.957 GC heap before
{Heap before GC invocations=76 (full 0):
 garbage-first heap   total 270336K, used 226655K [0x0000000080000000, 0x0000000100000000)
  region size 1024K, 35 young (35840K), 2 survivors (2048K)
 Metaspace       used 127734K, capacity 131649K, committed 131868K, reserved 1163264K
  class space    used 15866K, capacity 17227K, committed 17356K, reserved 1048576K
}
Event: 445.965 GC heap after
{Heap after GC invocations=77 (full 0):
 garbage-first heap   total 270336K, used 195047K [0x0000000080000000, 0x0000000100000000)
  region size 1024K, 3 young (3072K), 3 survivors (3072K)
 Metaspace       used 127734K, capacity 131649K, committed 131868K, reserved 1163264K
  class space    used 15866K, capacity 17227K, committed 17356K, reserved 1048576K
}
Event: 446.249 GC heap before
{Heap before GC invocations=77 (full 0):
 garbage-first heap   total 270336K, used 224743K [0x0000000080000000, 0x0000000100000000)
  region size 1024K, 37 young (37888K), 3 survivors (3072K)
 Metaspace       used 128618K, capacity 132448K, committed 132636K, reserved 1165312K
  class space    used 15924K, capacity 17258K, committed 17356K, reserved 1048576K
}
Event: 446.256 GC heap after
{Heap after GC invocations=78 (full 0):
 garbage-first heap   total 270336K, used 192994K [0x0000000080000000, 0x0000000100000000)
  region size 1024K, 5 young (5120K), 5 survivors (5120K)
 Metaspace       used 128618K, capacity 132448K, committed 132636K, reserved 1165312K
  class space    used 15924K, capacity 17258K, committed 17356K, reserved 1048576K
}
Event: 446.705 GC heap before
{Heap before GC invocations=79 (full 0):
 garbage-first heap   total 270336K, used 228834K [0x0000000080000000, 0x0000000100000000)
  region size 1024K, 41 young (41984K), 5 survivors (5120K)
 Metaspace       used 129727K, capacity 133625K, committed 133788K, reserved 1165312K
  class space    used 16032K, capacity 17369K, committed 17484K, reserved 1048576K
}
Event: 446.711 GC heap after
{Heap after GC invocations=80 (full 0):
 garbage-first heap   total 270336K, used 192359K [0x0000000080000000, 0x0000000100000000)
  region size 1024K, 3 young (3072K), 3 survivors (3072K)
 Metaspace       used 129727K, capacity 133625K, committed 133788K, reserved 1165312K
  class space    used 16032K, capacity 17369K, committed 17484K, reserved 1048576K
}
Event: 446.850 GC heap before
{Heap before GC invocations=80 (full 0):
 garbage-first heap   total 270336K, used 201575K [0x0000000080000000, 0x0000000100000000)
  region size 1024K, 13 young (13312K), 3 survivors (3072K)
 Metaspace       used 129963K, capacity 133838K, committed 134044K, reserved 1165312K
  class space    used 16056K, capacity 17438K, committed 17484K, reserved 1048576K
}
Event: 446.865 GC heap after
{Heap after GC invocations=81 (full 0):
 garbage-first heap   total 270336K, used 176579K [0x0000000080000000, 0x0000000100000000)
  region size 1024K, 1 young (1024K), 1 survivors (1024K)
 Metaspace       used 129963K, capacity 133838K, committed 134044K, reserved 1165312K
  class space    used 16056K, capacity 17438K, committed 17484K, reserved 1048576K
}
Event: 447.677 GC heap before
{Heap before GC invocations=81 (full 0):
 garbage-first heap   total 270336K, used 222659K [0x0000000080000000, 0x0000000100000000)
  region size 1024K, 47 young (48128K), 1 survivors (1024K)
 Metaspace       used 130448K, capacity 134342K, committed 134556K, reserved 1167360K
  class space    used 16096K, capacity 17463K, committed 17484K, reserved 1048576K
}
Event: 447.683 GC heap after
{Heap after GC invocations=82 (full 0):
 garbage-first heap   total 270336K, used 177448K [0x0000000080000000, 0x0000000100000000)
  region size 1024K, 2 young (2048K), 2 survivors (2048K)
 Metaspace       used 130448K, capacity 134342K, committed 134556K, reserved 1167360K
  class space    used 16096K, capacity 17463K, committed 17484K, reserved 1048576K
}
Event: 448.349 GC heap before
{Heap before GC invocations=83 (full 0):
 garbage-first heap   total 270336K, used 226600K [0x0000000080000000, 0x0000000100000000)
  region size 1024K, 49 young (50176K), 2 survivors (2048K)
 Metaspace       used 130870K, capacity 134729K, committed 134940K, reserved 1167360K
  class space    used 16152K, capacity 17545K, committed 17612K, reserved 1048576K
}
Event: 448.357 GC heap after
{Heap after GC invocations=84 (full 0):
 garbage-first heap   total 270336K, used 188204K [0x0000000080000000, 0x0000000100000000)
  region size 1024K, 7 young (7168K), 7 survivors (7168K)
 Metaspace       used 130870K, capacity 134729K, committed 134940K, reserved 1167360K
  class space    used 16152K, capacity 17545K, committed 17612K, reserved 1048576K
}
Event: 448.368 GC heap before
{Heap before GC invocations=84 (full 0):
 garbage-first heap   total 270336K, used 193324K [0x0000000080000000, 0x0000000100000000)
  region size 1024K, 13 young (13312K), 7 survivors (7168K)
 Metaspace       used 130894K, capacity 134799K, committed 134940K, reserved 1167360K
  class space    used 16154K, capacity 17547K, committed 17612K, reserved 1048576K
}
Event: 448.376 GC heap after
{Heap after GC invocations=85 (full 0):
 garbage-first heap   total 270336K, used 183296K [0x0000000080000000, 0x0000000100000000)
  region size 1024K, 2 young (2048K), 2 survivors (2048K)
 Metaspace       used 130894K, capacity 134799K, committed 134940K, reserved 1167360K
  class space    used 16154K, capacity 17547K, committed 17612K, reserved 1048576K
}
Event: 448.772 GC heap before
{Heap before GC invocations=85 (full 0):
 garbage-first heap   total 270336K, used 224256K [0x0000000080000000, 0x0000000100000000)
  region size 1024K, 43 young (44032K), 2 survivors (2048K)
 Metaspace       used 132218K, capacity 136269K, committed 136476K, reserved 1167360K
  class space    used 16364K, capacity 17791K, committed 17868K, reserved 1048576K
}
Event: 448.790 GC heap after
{Heap after GC invocations=86 (full 0):
 garbage-first heap   total 270336K, used 192523K [0x0000000080000000, 0x0000000100000000)
  region size 1024K, 6 young (6144K), 6 survivors (6144K)
 Metaspace       used 132218K, capacity 136269K, committed 136476K, reserved 1167360K
  class space    used 16364K, capacity 17791K, committed 17868K, reserved 1048576K
}
Event: 449.112 GC heap before
{Heap before GC invocations=86 (full 0):
 garbage-first heap   total 270336K, used 226315K [0x0000000080000000, 0x0000000100000000)
  region size 1024K, 39 young (39936K), 6 survivors (6144K)
 Metaspace       used 132869K, capacity 136899K, committed 137116K, reserved 1169408K
  class space    used 16451K, capacity 17894K, committed 17996K, reserved 1048576K
}
Event: 449.126 GC heap after
{Heap after GC invocations=87 (full 0):
 garbage-first heap   total 270336K, used 200397K [0x0000000080000000, 0x0000000100000000)
  region size 1024K, 5 young (5120K), 5 survivors (5120K)
 Metaspace       used 132869K, capacity 136899K, committed 137116K, reserved 1169408K
  class space    used 16451K, capacity 17894K, committed 17996K, reserved 1048576K
}
Event: 449.330 GC heap before
{Heap before GC invocations=88 (full 0):
 garbage-first heap   total 270336K, used 228045K [0x0000000080000000, 0x0000000100000000)
  region size 1024K, 32 young (32768K), 5 survivors (5120K)
 Metaspace       used 133200K, capacity 137213K, committed 137372K, reserved 1169408K
  class space    used 16469K, capacity 17914K, committed 17996K, reserved 1048576K
}

Deoptimization events (20 events):
Event: 449.265 Thread 0x0000016ac9303800 DEOPT PACKING pc=0x0000016ab1b144c0 sp=0x00000044d94fa010
Event: 449.266 Thread 0x0000016ac9303800 DEOPT UNPACKING pc=0x0000016aaed1a95e sp=0x00000044d94f9518 mode 0
Event: 449.270 Thread 0x0000016ac9303800 DEOPT PACKING pc=0x0000016ab1b144c0 sp=0x00000044d94fa010
Event: 449.270 Thread 0x0000016ac9303800 DEOPT UNPACKING pc=0x0000016aaed1a95e sp=0x00000044d94f9518 mode 0
Event: 449.271 Thread 0x0000016ac9303800 Uncommon trap: trap_request=0xffffffbe fr.pc=0x0000016ab7258040 relative=0x0000000000000a80
Event: 449.271 Thread 0x0000016accf2b000 Uncommon trap: trap_request=0xffffffbe fr.pc=0x0000016ab7258040 relative=0x0000000000000a80
Event: 449.271 Thread 0x0000016ac9303800 Uncommon trap: reason=profile_predicate action=maybe_recompile pc=0x0000016ab7258040 method=com.android.tools.r8.graph.c0.a(Ljava/lang/String;)[B @ 63 c2
Event: 449.271 Thread 0x0000016ac9303800 DEOPT PACKING pc=0x0000016ab7258040 sp=0x00000044d94f9c70
Event: 449.271 Thread 0x0000016ac9303800 DEOPT UNPACKING pc=0x0000016aaed1a1af sp=0x00000044d94f9c18 mode 2
Event: 449.271 Thread 0x0000016accf2b000 Uncommon trap: reason=profile_predicate action=maybe_recompile pc=0x0000016ab7258040 method=com.android.tools.r8.graph.c0.a(Ljava/lang/String;)[B @ 63 c2
Event: 449.271 Thread 0x0000016accf2b000 DEOPT PACKING pc=0x0000016ab7258040 sp=0x00000044d9ff6f50
Event: 449.271 Thread 0x0000016accf2b000 DEOPT UNPACKING pc=0x0000016aaed1a1af sp=0x00000044d9ff6ef8 mode 2
Event: 449.276 Thread 0x0000016accf2b000 DEOPT PACKING pc=0x0000016ab1b144c0 sp=0x00000044d9ff76f0
Event: 449.276 Thread 0x0000016accf2b000 DEOPT UNPACKING pc=0x0000016aaed1a95e sp=0x00000044d9ff6bf8 mode 0
Event: 449.281 Thread 0x0000016ac9303800 DEOPT PACKING pc=0x0000016ab1b144c0 sp=0x00000044d94fa010
Event: 449.281 Thread 0x0000016ac9303800 DEOPT UNPACKING pc=0x0000016aaed1a95e sp=0x00000044d94f9518 mode 0
Event: 449.289 Thread 0x0000016ac9303800 DEOPT PACKING pc=0x0000016ab1b144c0 sp=0x00000044d94f9ff0
Event: 449.289 Thread 0x0000016ac9303800 DEOPT UNPACKING pc=0x0000016aaed1a95e sp=0x00000044d94f94f8 mode 0
Event: 449.293 Thread 0x0000016ac9303800 DEOPT PACKING pc=0x0000016ab1b144c0 sp=0x00000044d94f9ff0
Event: 449.293 Thread 0x0000016ac9303800 DEOPT UNPACKING pc=0x0000016aaed1a95e sp=0x00000044d94f94f8 mode 0

Classes redefined (0 events):
No events

Internal exceptions (20 events):
Event: 448.442 Thread 0x0000016ac9303800 Exception <a 'sun/nio/fs/WindowsException'{0x000000008eeffaf8}> (0x000000008eeffaf8) thrown at [./src/hotspot/share/prims/jni.cpp, line 616]
Event: 448.517 Thread 0x0000016accf2b000 Exception <a 'sun/nio/fs/WindowsException'{0x000000008e739328}> (0x000000008e739328) thrown at [./src/hotspot/share/prims/jni.cpp, line 616]
Event: 448.595 Thread 0x0000016ac9305800 Exception <a 'java/lang/IncompatibleClassChangeError'{0x000000008ecd91f0}: Found class java.lang.Object, but interface was expected> (0x000000008ecd91f0) thrown at [./src/hotspot/share/interpreter/linkResolver.cpp, line 839]
Event: 448.596 Thread 0x0000016ac9303800 Exception <a 'java/lang/IncompatibleClassChangeError'{0x000000008edf7038}: Found class java.lang.Object, but interface was expected> (0x000000008edf7038) thrown at [./src/hotspot/share/interpreter/linkResolver.cpp, line 839]
Event: 448.633 Thread 0x0000016ac9301000 Exception <a 'java/lang/NoSuchMethodError'{0x000000008e6f79b8}: 'void java.lang.invoke.DirectMethodHandle$Holder.invokeStatic(java.lang.Object, java.lang.Object, int, java.lang.Object, java.lang.Object, java.lang.Object, java.lang.Object)'> (0x000000008e6f79b8) thrown at [./src/hotspot/share/interpreter/linkResolver.cpp, line 773]
Event: 448.685 Thread 0x0000016ac9305800 Exception <a 'java/lang/NoSuchMethodError'{0x000000008e5976e8}: 'long java.lang.invoke.DirectMethodHandle$Holder.invokeStatic(java.lang.Object, long, java.lang.Object)'> (0x000000008e5976e8) thrown at [./src/hotspot/share/interpreter/linkResolver.cpp, line 773]
Event: 448.688 Thread 0x0000016ac92ff000 Exception <a 'java/lang/NoSuchMethodError'{0x000000008e45b858}: 'java.lang.Object java.lang.invoke.DirectMethodHandle$Holder.invokeStatic(java.lang.Object, long)'> (0x000000008e45b858) thrown at [./src/hotspot/share/interpreter/linkResolver.cpp, line 773]
Event: 448.688 Thread 0x0000016ac9307800 Exception <a 'java/lang/NoSuchMethodError'{0x000000008eb9f3c8}: 'java.lang.Object java.lang.invoke.DirectMethodHandle$Holder.invokeStatic(java.lang.Object, long)'> (0x000000008eb9f3c8) thrown at [./src/hotspot/share/interpreter/linkResolver.cpp, line 773]
Event: 448.689 Thread 0x0000016accf2b000 Exception <a 'java/lang/NoSuchMethodError'{0x000000008e499518}: 'java.lang.Object java.lang.invoke.DirectMethodHandle$Holder.invokeStatic(java.lang.Object, long)'> (0x000000008e499518) thrown at [./src/hotspot/share/interpreter/linkResolver.cpp, line 773]
Event: 448.689 Thread 0x0000016aca64e800 Exception <a 'java/lang/NoSuchMethodError'{0x000000008e5bbc98}: 'java.lang.Object java.lang.invoke.DirectMethodHandle$Holder.invokeStatic(java.lang.Object, long)'> (0x000000008e5bbc98) thrown at [./src/hotspot/share/interpreter/linkResolver.cpp, line 773]
Event: 448.690 Thread 0x0000016ac9307800 Exception <a 'java/lang/NoSuchMethodError'{0x000000008e46cae0}: 'java.lang.Object java.lang.invoke.DirectMethodHandle$Holder.invokeSpecial(java.lang.Object, java.lang.Object, long)'> (0x000000008e46cae0) thrown at [./src/hotspot/share/interpreter/linkResolver.cpp, line 773]
Event: 448.691 Thread 0x0000016ac92ff000 Exception <a 'java/lang/NoSuchMethodError'{0x000000008e45f708}: 'java.lang.Object java.lang.invoke.DirectMethodHandle$Holder.invokeSpecial(java.lang.Object, java.lang.Object, long)'> (0x000000008e45f708) thrown at [./src/hotspot/share/interpreter/linkResolver.cpp, line 773]
Event: 448.692 Thread 0x0000016ac9305800 Exception <a 'java/lang/NoSuchMethodError'{0x000000008e4f7628}: 'java.lang.Object java.lang.invoke.Invokers$Holder.linkToTargetMethod(long, java.lang.Object)'> (0x000000008e4f7628) thrown at [./src/hotspot/share/interpreter/linkResolver.cpp, line 773]
Event: 448.692 Thread 0x0000016accf2b000 Exception <a 'java/lang/NoSuchMethodError'{0x000000008e49d1f0}: 'java.lang.Object java.lang.invoke.Invokers$Holder.linkToTargetMethod(long, java.lang.Object)'> (0x000000008e49d1f0) thrown at [./src/hotspot/share/interpreter/linkResolver.cpp, line 773]
Event: 448.692 Thread 0x0000016aca64e800 Exception <a 'java/lang/NoSuchMethodError'{0x000000008e5bf420}: 'java.lang.Object java.lang.invoke.Invokers$Holder.linkToTargetMethod(long, java.lang.Object)'> (0x000000008e5bf420) thrown at [./src/hotspot/share/interpreter/linkResolver.cpp, line 773]
Event: 448.692 Thread 0x0000016aca649000 Exception <a 'java/lang/NoSuchMethodError'{0x000000008e4633a8}: 'java.lang.Object java.lang.invoke.Invokers$Holder.linkToTargetMethod(long, java.lang.Object)'> (0x000000008e4633a8) thrown at [./src/hotspot/share/interpreter/linkResolver.cpp, line 773]
Event: 448.692 Thread 0x0000016ac9301000 Exception <a 'java/lang/NoSuchMethodError'{0x000000008e4e8da0}: 'java.lang.Object java.lang.invoke.Invokers$Holder.linkToTargetMethod(long, java.lang.Object)'> (0x000000008e4e8da0) thrown at [./src/hotspot/share/interpreter/linkResolver.cpp, line 773]
Event: 448.693 Thread 0x0000016ac9307800 Exception <a 'java/lang/NoSuchMethodError'{0x000000008e470298}: 'java.lang.Object java.lang.invoke.Invokers$Holder.linkToTargetMethod(long, java.lang.Object)'> (0x000000008e470298) thrown at [./src/hotspot/share/interpreter/linkResolver.cpp, line 773]
Event: 448.749 Thread 0x0000016aca64e800 Exception <a 'java/lang/NoSuchMethodError'{0x000000008df2e1b0}: 'void java.lang.invoke.DirectMethodHandle$Holder.invokeStatic(java.lang.Object, java.lang.Object, java.lang.Object, int)'> (0x000000008df2e1b0) thrown at [./src/hotspot/share/interpreter/linkResolver.cpp, line 773]
Event: 448.750 Thread 0x0000016aca64e800 Exception <a 'java/lang/IncompatibleClassChangeError'{0x000000008df3e228}: Found class java.lang.Object, but interface was expected> (0x000000008df3e228) thrown at [./src/hotspot/share/interpreter/linkResolver.cpp, line 839]

Events (20 events):
Event: 449.268 loading class com/android/tools/r8/shaking/e0 done
Event: 449.269 loading class com/android/tools/r8/internal/hc
Event: 449.269 loading class com/android/tools/r8/internal/hc done
Event: 449.271 loading class com/android/tools/r8/graph/d$b
Event: 449.271 loading class com/android/tools/r8/graph/d$b done
Event: 449.278 loading class com/android/tools/r8/shaking/f
Event: 449.278 loading class com/android/tools/r8/shaking/f done
Event: 449.303 loading class com/android/tools/r8/internal/E7
Event: 449.303 loading class com/android/tools/r8/internal/E7 done
Event: 449.315 loading class com/android/tools/r8/internal/z1
Event: 449.315 loading class com/android/tools/r8/internal/z1 done
Event: 449.316 loading class com/android/tools/r8/internal/Ms
Event: 449.316 loading class com/android/tools/r8/internal/Ms done
Event: 449.318 loading class com/android/tools/r8/internal/Ze
Event: 449.318 loading class com/android/tools/r8/internal/Ze done
Event: 449.318 Executing VM operation: CGC_Operation
Event: 449.320 Executing VM operation: CGC_Operation done
Event: 449.321 loading class com/android/tools/r8/internal/NG
Event: 449.321 loading class com/android/tools/r8/internal/NG done
Event: 449.330 Executing VM operation: G1CollectForAllocation


Dynamic libraries:
0x00007ff62dfe0000 - 0x00007ff62dfea000 	C:\Program Files\JetBrains\IntelliJ IDEA Community Edition 2021.3.1\jbr\bin\java.exe
0x00007fff8a2c0000 - 0x00007fff8a4ad000 	C:\Windows\SYSTEM32\ntdll.dll
0x00007fff6b270000 - 0x00007fff6b286000 	C:\Program Files\Avast Software\Avast\aswhook.dll
0x00007fff888a0000 - 0x00007fff88953000 	C:\Windows\System32\KERNEL32.DLL
0x00007fff86c80000 - 0x00007fff86f15000 	C:\Windows\System32\KERNELBASE.dll
0x00007fff863a0000 - 0x00007fff8649a000 	C:\Windows\System32\ucrtbase.dll
0x00007fff6df20000 - 0x00007fff6df39000 	C:\Program Files\JetBrains\IntelliJ IDEA Community Edition 2021.3.1\jbr\bin\jli.dll
0x00007fff6c700000 - 0x00007fff6c717000 	C:\Program Files\JetBrains\IntelliJ IDEA Community Edition 2021.3.1\jbr\bin\VCRUNTIME140.dll
0x00007fff88010000 - 0x00007fff881a7000 	C:\Windows\System32\USER32.dll
0x00007fff871b0000 - 0x00007fff871d0000 	C:\Windows\System32\win32u.dll
0x00007fff6c8f0000 - 0x00007fff6cb69000 	C:\Windows\WinSxS\amd64_microsoft.windows.common-controls_6595b64144ccf1df_6.0.17763.1339_none_de7015e4534c7114\COMCTL32.dll
0x00007fff88bd0000 - 0x00007fff88bf9000 	C:\Windows\System32\GDI32.dll
0x00007fff88960000 - 0x00007fff889fe000 	C:\Windows\System32\msvcrt.dll
0x00007fff86f20000 - 0x00007fff870bb000 	C:\Windows\System32\gdi32full.dll
0x00007fff87b10000 - 0x00007fff87e3c000 	C:\Windows\System32\combase.dll
0x00007fff870c0000 - 0x00007fff87160000 	C:\Windows\System32\msvcp_win.dll
0x00007fff88c00000 - 0x00007fff88d22000 	C:\Windows\System32\RPCRT4.dll
0x00007fff86c00000 - 0x00007fff86c7e000 	C:\Windows\System32\bcryptPrimitives.dll
0x00007fff88740000 - 0x00007fff8876e000 	C:\Windows\System32\IMM32.DLL
0x00007fff4f790000 - 0x00007fff4f82d000 	C:\Program Files\JetBrains\IntelliJ IDEA Community Edition 2021.3.1\jbr\bin\msvcp140.dll
0x00007fff12280000 - 0x00007fff12df6000 	C:\Program Files\JetBrains\IntelliJ IDEA Community Edition 2021.3.1\jbr\bin\server\jvm.dll
0x00007fff87e40000 - 0x00007fff87ee3000 	C:\Windows\System32\ADVAPI32.dll
0x00007fff87f70000 - 0x00007fff8800e000 	C:\Windows\System32\sechost.dll
0x00007fff8a230000 - 0x00007fff8a238000 	C:\Windows\System32\PSAPI.DLL
0x00007fff74490000 - 0x00007fff74499000 	C:\Windows\SYSTEM32\WSOCK32.dll
0x00007fff83dd0000 - 0x00007fff83df4000 	C:\Windows\SYSTEM32\WINMM.dll
0x00007fff80090000 - 0x00007fff8009a000 	C:\Windows\SYSTEM32\VERSION.dll
0x00007fff886d0000 - 0x00007fff8873d000 	C:\Windows\System32\WS2_32.dll
0x00007fff83950000 - 0x00007fff8397d000 	C:\Windows\SYSTEM32\WINMMBASE.dll
0x00007fff87160000 - 0x00007fff871aa000 	C:\Windows\System32\cfgmgr32.dll
0x00007fff86350000 - 0x00007fff86361000 	C:\Windows\System32\kernel.appcore.dll
0x00007fff6cea0000 - 0x00007fff6ceb1000 	C:\Program Files\JetBrains\IntelliJ IDEA Community Edition 2021.3.1\jbr\bin\verify.dll
0x00007fff84c30000 - 0x00007fff84e1d000 	C:\Windows\SYSTEM32\DBGHELP.DLL
0x00007fff79300000 - 0x00007fff7932a000 	C:\Windows\SYSTEM32\dbgcore.DLL
0x00007fff4f270000 - 0x00007fff4f299000 	C:\Program Files\JetBrains\IntelliJ IDEA Community Edition 2021.3.1\jbr\bin\java.dll
0x00007fff67910000 - 0x00007fff6791b000 	C:\Program Files\JetBrains\IntelliJ IDEA Community Edition 2021.3.1\jbr\bin\jimage.dll
0x00007fff62ef0000 - 0x00007fff62f08000 	C:\Program Files\JetBrains\IntelliJ IDEA Community Edition 2021.3.1\jbr\bin\zip.dll
0x00007fff88d30000 - 0x00007fff8a228000 	C:\Windows\System32\SHELL32.dll
0x00007fff87a60000 - 0x00007fff87b09000 	C:\Windows\System32\shcore.dll
0x00007fff864a0000 - 0x00007fff86bf4000 	C:\Windows\System32\windows.storage.dll
0x00007fff86370000 - 0x00007fff86394000 	C:\Windows\System32\profapi.dll
0x00007fff862d0000 - 0x00007fff8632d000 	C:\Windows\System32\powrprof.dll
0x00007fff883e0000 - 0x00007fff88432000 	C:\Windows\System32\shlwapi.dll
0x00007fff873b0000 - 0x00007fff873c7000 	C:\Windows\System32\cryptsp.dll
0x00007fff601a0000 - 0x00007fff601ba000 	C:\Program Files\JetBrains\IntelliJ IDEA Community Edition 2021.3.1\jbr\bin\net.dll
0x00007fff822b0000 - 0x00007fff823a2000 	C:\Windows\SYSTEM32\WINHTTP.dll
0x00007fff85b30000 - 0x00007fff85b97000 	C:\Windows\system32\mswsock.dll
0x00007fff54f00000 - 0x00007fff54f14000 	C:\Program Files\JetBrains\IntelliJ IDEA Community Edition 2021.3.1\jbr\bin\nio.dll
0x00007fff6e100000 - 0x00007fff6e127000 	C:\Users\Julia\.gradle\native\8bec1ad78214c89d9ad589b4d07fe93259594b29d510b10fafb7a158f7737e5d\windows-amd64\native-platform.dll
0x00007fff4e9c0000 - 0x00007fff4eafd000 	C:\Users\Julia\.gradle\native\53dbd7edfb1c66fb8903c78663c9afc45aea4f116125fa6feffd364cf09443e8\windows-amd64\native-platform-file-events.dll
0x00007fff60210000 - 0x00007fff6021a000 	C:\Program Files\JetBrains\IntelliJ IDEA Community Edition 2021.3.1\jbr\bin\management.dll
0x00007fff53080000 - 0x00007fff5308d000 	C:\Program Files\JetBrains\IntelliJ IDEA Community Edition 2021.3.1\jbr\bin\management_ext.dll
0x00007fff856b0000 - 0x00007fff856e3000 	C:\Windows\system32\rsaenh.dll
0x00007fff87430000 - 0x00007fff87456000 	C:\Windows\System32\bcrypt.dll
0x00007fff86200000 - 0x00007fff86228000 	C:\Windows\SYSTEM32\USERENV.dll
0x00007fff85d00000 - 0x00007fff85d0c000 	C:\Windows\SYSTEM32\CRYPTBASE.dll
0x00007fff85850000 - 0x00007fff8588d000 	C:\Windows\SYSTEM32\IPHLPAPI.DLL
0x00007fff886c0000 - 0x00007fff886c8000 	C:\Windows\System32\NSI.dll
0x00007fff77ca0000 - 0x00007fff77cb6000 	C:\Windows\SYSTEM32\dhcpcsvc6.DLL
0x00007fff77d90000 - 0x00007fff77dac000 	C:\Windows\SYSTEM32\dhcpcsvc.DLL
0x00007fff858a0000 - 0x00007fff85967000 	C:\Windows\SYSTEM32\DNSAPI.dll
0x00007fff4d3c0000 - 0x00007fff4d3e8000 	C:\Program Files\JetBrains\IntelliJ IDEA Community Edition 2021.3.1\jbr\bin\sunec.dll
0x00007fff76d30000 - 0x00007fff76d3a000 	C:\Windows\System32\rasadhlp.dll
0x00007fff77190000 - 0x00007fff77209000 	C:\Windows\System32\fwpuclnt.dll

dbghelp: loaded successfully - version: 4.0.5 - missing functions: none
symbol engine: initialized successfully - sym options: 0x614 - pdb path: .;C:\Program Files\JetBrains\IntelliJ IDEA Community Edition 2021.3.1\jbr\bin;C:\Windows\SYSTEM32;C:\Program Files\Avast Software\Avast;C:\Windows\WinSxS\amd64_microsoft.windows.common-controls_6595b64144ccf1df_6.0.17763.1339_none_de7015e4534c7114;C:\Program Files\JetBrains\IntelliJ IDEA Community Edition 2021.3.1\jbr\bin\server;C:\Users\Julia\.gradle\native\8bec1ad78214c89d9ad589b4d07fe93259594b29d510b10fafb7a158f7737e5d\windows-amd64;C:\Users\Julia\.gradle\native\53dbd7edfb1c66fb8903c78663c9afc45aea4f116125fa6feffd364cf09443e8\windows-amd64

VM Arguments:
jvm_args: --add-opens=java.base/java.util=ALL-UNNAMED --add-opens=java.base/java.lang=ALL-UNNAMED --add-opens=java.base/java.lang.invoke=ALL-UNNAMED --add-opens=java.base/java.util=ALL-UNNAMED --add-opens=java.prefs/java.util.prefs=ALL-UNNAMED --add-opens=java.prefs/java.util.prefs=ALL-UNNAMED --add-opens=java.base/java.nio.charset=ALL-UNNAMED --add-opens=java.base/java.net=ALL-UNNAMED --add-opens=java.base/java.util.concurrent.atomic=ALL-UNNAMED -Xmx2048m -Dfile.encoding=UTF-8 -Duser.country=RU -Duser.language=ru -Duser.variant 
java_command: org.gradle.launcher.daemon.bootstrap.GradleDaemon 7.0.2
java_class_path (initial): C:\Users\Julia\.gradle\wrapper\dists\gradle-7.0.2-bin\857tjihv64xamwrf0h14cai3r\gradle-7.0.2\lib\gradle-launcher-7.0.2.jar
Launcher Type: SUN_STANDARD

[Global flags]
     intx CICompilerCount                          = 4                                         {product} {ergonomic}
     uint ConcGCThreads                            = 2                                         {product} {ergonomic}
     uint G1ConcRefinementThreads                  = 8                                         {product} {ergonomic}
   size_t G1HeapRegionSize                         = 1048576                                   {product} {ergonomic}
    uintx GCDrainStackTargetSize                   = 64                                        {product} {ergonomic}
   size_t InitialHeapSize                          = 132120576                                 {product} {ergonomic}
   size_t MarkStackSize                            = 4194304                                   {product} {ergonomic}
   size_t MaxHeapSize                              = 2147483648                                {product} {command line}
   size_t MaxNewSize                               = 1287651328                                {product} {ergonomic}
   size_t MinHeapDeltaBytes                        = 1048576                                   {product} {ergonomic}
    uintx NonNMethodCodeHeapSize                   = 5836300                                {pd product} {ergonomic}
    uintx NonProfiledCodeHeapSize                  = 122910970                              {pd product} {ergonomic}
    uintx ProfiledCodeHeapSize                     = 122910970                              {pd product} {ergonomic}
    uintx ReservedCodeCacheSize                    = 251658240                              {pd product} {ergonomic}
     bool SegmentedCodeCache                       = true                                      {product} {ergonomic}
     bool UseCompressedClassPointers               = true                                 {lp64_product} {ergonomic}
     bool UseCompressedOops                        = true                                 {lp64_product} {ergonomic}
     bool UseG1GC                                  = true                                      {product} {ergonomic}
     bool UseLargePagesIndividualAllocation        = false                                  {pd product} {ergonomic}

Logging:
Log output configuration:
 #0: stdout all=warning uptime,level,tags
 #1: stderr all=off uptime,level,tags

Environment Variables:
PATH=C:\Program Files (x86)\Common Files\Oracle\Java\javapath;C:\Windows\system32;C:\Windows;C:\Windows\System32\Wbem;C:\Windows\System32\WindowsPowerShell\v1.0\;C:\Program Files\Git\cmd;C:\Program Files\MATLAB\R2021b\bin;C:\Program Files\MATLAB\R2016b\runtime\win64;C:\Program Files\MATLAB\R2016b\bin;C:\Program Files\MATLAB\R2016b\polyspace\bin;C:\Program Files\MATLAB\R2019b\bin;C:\Program Files\MATLAB\R2018b\bin;C:\Users\Julia\AppData\Local\Microsoft\WindowsApps;;C:\intelFPGA\16.1\modelsim_ase\win32aloem;C:\intelFPGA_lite\16.1\modelsim_ase\win32aloem;C:\Program Files\JetBrains\IntelliJ IDEA Community Edition 2021.3.1\bin;
USERNAME=Julia
OS=Windows_NT
PROCESSOR_IDENTIFIER=Intel64 Family 6 Model 142 Stepping 11, GenuineIntel



---------------  S Y S T E M  ---------------

OS: Windows 10 , 64 bit Build 17763 (10.0.17763.1339)
OS uptime: 0 days 13:14 hours

CPU:total 8 (initial active 8) (4 cores per cpu, 2 threads per core) family 6 model 142 stepping 11 microcode 0xb8, cmov, cx8, fxsr, mmx, sse, sse2, sse3, ssse3, sse4.1, sse4.2, popcnt, avx, avx2, aes, clmul, erms, 3dnowpref, lzcnt, ht, tsc, tscinvbit, bmi1, bmi2, adx, fma

Memory: 4k page, system-wide physical 8037M (122M free)
TotalPageFile size 10085M (AvailPageFile size 57M)
current process WorkingSet (physical memory assigned to process): 515M, peak: 683M
current process commit charge ("private bytes"): 698M, peak: 753M

vm_info: OpenJDK 64-Bit Server VM (11.0.13+7-b1751.21) for windows-amd64 JRE (11.0.13+7-b1751.21), built on Nov 30 2021 02:32:50 by "" with MS VC++ 14.0 (VS2015)

END.
